2025-07-18 02:08:11,600 - INFO - ✅ 创建目录: /home/devbox/project/sprb-web/frontend/public/images/origin_pictures/男木岛
2025-07-18 02:08:11,600 - INFO - ✅ 创建目录: /home/devbox/project/sprb-web/frontend/public/images/origin_pictures/女木岛
2025-07-18 02:08:11,600 - INFO - ✅ 创建目录: /home/devbox/project/sprb-web/frontend/public/images/origin_pictures/直岛
2025-07-18 02:08:11,600 - INFO - ✅ 创建目录: /home/devbox/project/sprb-web/frontend/public/images/webps/男木岛
2025-07-18 02:08:11,600 - INFO - ✅ 创建目录: /home/devbox/project/sprb-web/frontend/public/images/webps/女木岛
2025-07-18 02:08:11,600 - INFO - ✅ 创建目录: /home/devbox/project/sprb-web/frontend/public/images/webps/直岛
2025-07-18 02:08:11,600 - INFO - 开始整理 原图 文件...
2025-07-18 02:08:11,601 - INFO - ✅ 移动 原图: 直岛_直岛-白羽钓点-夜晚.bmp -> 直岛/
2025-07-18 02:08:11,601 - INFO - ✅ 移动 原图: 七影碟.png -> 直岛/
2025-07-18 02:08:11,601 - INFO - ✅ 移动 原图: 男木岛_男木岛-鬼姬神山识之墓图标.png -> 男木岛/
2025-07-18 02:08:11,601 - INFO - ✅ 移动 原图: 男木岛_男木岛-灯塔-黄昏.bmp -> 男木岛/
2025-07-18 02:08:11,601 - INFO - ✅ 移动 原图: 直岛_直岛-海狸家卧室-无床-黄昏.bmp -> 直岛/
2025-07-18 02:08:11,602 - INFO - ✅ 移动 原图: 直岛_直岛-海狸家院子.bmp -> 直岛/
2025-07-18 02:08:11,602 - INFO - ✅ 移动 原图: 女木岛_女木岛-窄路-有光.bmp -> 女木岛/
2025-07-18 02:08:11,602 - INFO - ✅ 移动 原图: 直岛_直岛地图-小卖部-路线版.png -> 直岛/
2025-07-18 02:08:11,602 - INFO - ✅ 移动 原图: 男木岛_男木岛-秘密基地-夜晚.bmp -> 男木岛/
2025-07-18 02:08:11,602 - INFO - ✅ 移动 原图: 神域摘要图.bmp -> 直岛/
2025-07-18 02:08:11,602 - INFO - ✅ 移动 原图: 直岛_直岛地图-路线版.png -> 直岛/
2025-07-18 02:08:11,602 - INFO - ✅ 移动 原图: 直岛_直岛-食堂-黄昏.bmp -> 直岛/
2025-07-18 02:08:11,603 - INFO - ✅ 移动 原图: 直岛_直岛-灵弹-夜晚.bmp -> 直岛/
2025-07-18 02:08:11,603 - INFO - ✅ 移动 原图: 直岛_直岛-海狸家厨房-夜晚.bmp -> 直岛/
2025-07-18 02:08:11,603 - INFO - ✅ 移动 原图: 直岛_直岛-港口-无船-夜晚.bmp -> 直岛/
2025-07-18 02:08:11,603 - INFO - ✅ 移动 原图: 男木岛_男木岛-苍睡觉小道-黄昏.bmp -> 男木岛/
2025-07-18 02:08:11,603 - INFO - ✅ 移动 原图: 直岛_直岛-海水浴场-夜晚.bmp -> 直岛/
2025-07-18 02:08:11,603 - INFO - ✅ 移动 原图: 男木岛_男木岛-鸥相遇小道-黄昏.bmp -> 男木岛/
2025-07-18 02:08:11,603 - INFO - ✅ 移动 原图: 直岛_直岛-食堂.bmp -> 直岛/
2025-07-18 02:08:11,603 - INFO - ✅ 移动 原图: 直岛_直岛-海狸家卧室-无床-关灯-夜晚.bmp -> 直岛/
2025-07-18 02:08:11,603 - INFO - ✅ 移动 原图: 直岛_直岛-小卖部-黄昏.bmp -> 直岛/
2025-07-18 02:08:11,604 - INFO - ✅ 移动 原图: 直岛_直岛-通往役场道路-夜晚.bmp -> 直岛/
2025-07-18 02:08:11,604 - INFO - ✅ 移动 原图: 直岛_直岛-海狸家卧室-无床-开灯-夜晚.bmp -> 直岛/
2025-07-18 02:08:11,604 - INFO - ✅ 移动 原图: 男木岛_男木岛-秘密基地-黄昏.bmp -> 男木岛/
2025-07-18 02:08:11,604 - INFO - ✅ 移动 原图: 男木岛_男木岛-鬼姬神山识之墓.png -> 男木岛/
2025-07-18 02:08:11,604 - INFO - ✅ 移动 原图: 男木岛_男木岛-鸥相遇小道-夜晚.bmp -> 男木岛/
2025-07-18 02:08:11,604 - INFO - ✅ 移动 原图: 女木岛_女木岛-采石场-分岔路-有光.bmp -> 女木岛/
2025-07-18 02:08:11,604 - INFO - ✅ 移动 原图: 直岛_直岛-海狸家客厅.bmp -> 直岛/
2025-07-18 02:08:11,604 - INFO - ✅ 移动 原图: 直岛_直岛-港口-有船-黄昏.bmp -> 直岛/
2025-07-18 02:08:11,605 - INFO - ✅ 移动 原图: 直岛_直岛-白羽钓点.bmp -> 直岛/
2025-07-18 02:08:11,605 - INFO - ✅ 移动 原图: 直岛_直岛-港口-有船.bmp -> 直岛/
2025-07-18 02:08:11,605 - INFO - ✅ 移动 原图: 男木岛_男木岛-苍睡觉小道.bmp -> 男木岛/
2025-07-18 02:08:11,605 - WARNING - ⚠️ 无法确定岛屿: sprb封面图.png
2025-07-18 02:08:11,605 - INFO - ✅ 移动 原图: 直岛_直岛-通往役场道路-黄昏.bmp -> 直岛/
2025-07-18 02:08:11,605 - INFO - ✅ 移动 原图: 直岛_直岛-海狸家院子-黄昏.bmp -> 直岛/
2025-07-18 02:08:11,605 - INFO - ✅ 移动 原图: 直岛_直岛-海狸家厨房.bmp -> 直岛/
2025-07-18 02:08:11,605 - INFO - ✅ 移动 原图: 男木岛_男木岛-鸟白岛役场-夜晚.bmp -> 男木岛/
2025-07-18 02:08:11,605 - INFO - ✅ 移动 原图: 女木岛_女木岛地图-线路版.png -> 女木岛/
2025-07-18 02:08:11,606 - INFO - ✅ 移动 原图: 男木岛_男木岛-苍睡觉小道-夜晚.bmp -> 男木岛/
2025-07-18 02:08:11,606 - INFO - ✅ 移动 原图: 直岛_直岛-海狸家客厅-黄昏.bmp -> 直岛/
2025-07-18 02:08:11,606 - INFO - ✅ 移动 原图: 七影碟-4.png -> 直岛/
2025-07-18 02:08:11,606 - INFO - ✅ 移动 原图: 直岛_直岛-海狸家卧室-无床.bmp -> 直岛/
2025-07-18 02:08:11,606 - INFO - ✅ 移动 原图: 男木岛_男木岛-灯塔-夜晚-亮灯.bmp -> 男木岛/
2025-07-18 02:08:11,606 - INFO - ✅ 移动 原图: 打卡篇地图-航线版.png -> 女木岛/
2025-07-18 02:08:11,606 - INFO - ✅ 移动 原图: 男木岛_男木岛-灯塔-夜晚-熄灯.bmp -> 男木岛/
2025-07-18 02:08:11,606 - INFO - ✅ 移动 原图: 直岛_直岛-海水浴场.bmp -> 直岛/
2025-07-18 02:08:11,606 - INFO - ✅ 移动 原图: 男木岛_男木岛-灯塔图标.png -> 男木岛/
2025-07-18 02:08:11,607 - INFO - ✅ 移动 原图: 直岛_直岛-灵弹-黄昏.bmp -> 直岛/
2025-07-18 02:08:11,607 - INFO - ✅ 移动 原图: 男木岛_男木岛-鸥相遇小道图标.png -> 男木岛/
2025-07-18 02:08:11,607 - INFO - ✅ 移动 原图: 直岛_直岛-港口-有船-夜晚.bmp -> 直岛/
2025-07-18 02:08:11,607 - INFO - ✅ 移动 原图: 女木岛_女木岛-采石场入口.bmp -> 女木岛/
2025-07-18 02:08:11,607 - INFO - ✅ 移动 原图: 直岛_直岛-海狸家门前-黄昏.bmp -> 直岛/
2025-07-18 02:08:11,607 - INFO - ✅ 移动 原图: 七影碟-3.png -> 直岛/
2025-07-18 02:08:11,607 - INFO - ✅ 移动 原图: 女木岛_女木岛-窄路-无光.bmp -> 女木岛/
2025-07-18 02:08:11,607 - INFO - ✅ 移动 原图: 男木岛_男木岛-地图.png -> 男木岛/
2025-07-18 02:08:11,608 - INFO - ✅ 移动 原图: 直岛_直岛-蔷薇庄.png -> 直岛/
2025-07-18 02:08:11,608 - INFO - ✅ 移动 原图: 男木岛_男木岛-静久神社图.jpg -> 男木岛/
2025-07-18 02:08:11,608 - INFO - ✅ 移动 原图: 直岛_直岛-惠美须神社鸟居.png -> 直岛/
2025-07-18 02:08:11,608 - INFO - ✅ 移动 原图: 直岛_直岛-白羽钓点-黄昏.bmp -> 直岛/
2025-07-18 02:08:11,608 - INFO - ✅ 移动 原图: 男木岛_男木岛-防波堤.png -> 男木岛/
2025-07-18 02:08:11,608 - INFO - ✅ 移动 原图: 直岛_直岛-港口-无船-黄昏.bmp -> 直岛/
2025-07-18 02:08:11,608 - INFO - ✅ 移动 原图: 女木岛_女木岛-秘密基地山路.bmp -> 女木岛/
2025-07-18 02:08:11,608 - INFO - ✅ 移动 原图: 女木岛_女木岛-山道-深夜.bmp -> 女木岛/
2025-07-18 02:08:11,608 - INFO - ✅ 移动 原图: 女木岛_女木岛-采石场入口-夜晚.bmp -> 女木岛/
2025-07-18 02:08:11,609 - INFO - ✅ 移动 原图: 直岛_直岛地图-水塘海狸家-路线版.png -> 直岛/
2025-07-18 02:08:11,609 - INFO - ✅ 移动 原图: 直岛_直岛-积浦海岸.jpg -> 直岛/
2025-07-18 02:08:11,609 - INFO - ✅ 移动 原图: 女木岛_女木岛-山道-黄昏.bmp -> 女木岛/
2025-07-18 02:08:11,609 - INFO - ✅ 移动 原图: 直岛_直岛-神社-黄昏.bmp -> 直岛/
2025-07-18 02:08:11,609 - INFO - ✅ 移动 原图: 直岛_直岛-小卖部-夜晚.bmp -> 直岛/
2025-07-18 02:08:11,609 - INFO - ✅ 移动 原图: 男木岛_男木岛-放送塔图标.png -> 男木岛/
2025-07-18 02:08:11,609 - INFO - ✅ 移动 原图: 男木岛_男木岛-鸟白岛役场-黄昏.bmp -> 男木岛/
2025-07-18 02:08:11,609 - INFO - ✅ 移动 原图: 女木岛_女木岛-秘密基地山路-夜晚.bmp -> 女木岛/
2025-07-18 02:08:11,609 - INFO - ✅ 移动 原图: 男木岛_男木岛-秘密基地.bmp -> 男木岛/
2025-07-18 02:08:11,610 - INFO - ✅ 移动 原图: 直岛_直岛-海狸家卧室-有床-关灯-夜晚.bmp -> 直岛/
2025-07-18 02:08:11,610 - INFO - ✅ 移动 原图: 男木岛_男木岛-鸥相遇小道.bmp -> 男木岛/
2025-07-18 02:08:11,610 - INFO - ✅ 移动 原图: 直岛_直岛-海狸家门前-夜晚.bmp -> 直岛/
2025-07-18 02:08:11,610 - INFO - ✅ 移动 原图: 男木岛_男木岛-鸟白岛役场.bmp -> 男木岛/
2025-07-18 02:08:11,610 - INFO - ✅ 移动 原图: 男木岛_男木岛地图-线路版.png -> 男木岛/
2025-07-18 02:08:11,610 - INFO - ✅ 移动 原图: 直岛_直岛-小卖部.bmp -> 直岛/
2025-07-18 02:08:11,610 - INFO - ✅ 移动 原图: 直岛_直岛-海狸家客厅-夜晚.bmp -> 直岛/
2025-07-18 02:08:11,610 - INFO - ✅ 移动 原图: 男木岛_男木岛-放送塔.jpg -> 男木岛/
2025-07-18 02:08:11,611 - INFO - ✅ 移动 原图: 男木岛_男木岛-泳池.bmp -> 男木岛/
2025-07-18 02:08:11,611 - INFO - ✅ 移动 原图: 直岛_直岛-神社-夜晚.bmp -> 直岛/
2025-07-18 02:08:11,611 - INFO - ✅ 移动 原图: 直岛_直岛-海狸家卧室-有床-黄昏.bmp -> 直岛/
2025-07-18 02:08:11,611 - INFO - ✅ 移动 原图: 直岛_直岛-八幡神社石阶.jpg -> 直岛/
2025-07-18 02:08:11,611 - INFO - ✅ 移动 原图: 直岛_直岛-神社.bmp -> 直岛/
2025-07-18 02:08:11,611 - INFO - ✅ 移动 原图: 直岛_直岛-港口-下雨.bmp -> 直岛/
2025-07-18 02:08:11,611 - INFO - ✅ 移动 原图: 女木岛_女木岛-采石场-分岔路-无光.bmp -> 女木岛/
2025-07-18 02:08:11,611 - INFO - ✅ 移动 原图: 男木岛_男木岛-灯塔.bmp -> 男木岛/
2025-07-18 02:08:11,612 - INFO - ✅ 移动 原图: 女木岛_女木岛-山道-夜晚.bmp -> 女木岛/
2025-07-18 02:08:11,612 - INFO - ✅ 移动 原图: 直岛_直岛-海狸家门前.bmp -> 直岛/
2025-07-18 02:08:11,612 - INFO - ✅ 移动 原图: 男木岛_男木岛-泳池-夜晚.bmp -> 男木岛/
2025-07-18 02:08:11,612 - INFO - ✅ 移动 原图: 直岛_直岛-海狸家厨房-中午.bmp -> 直岛/
2025-07-18 02:08:11,612 - INFO - ✅ 移动 原图: 女木岛_女木岛-采石场入口-黄昏.bmp -> 女木岛/
2025-07-18 02:08:11,612 - INFO - ✅ 移动 原图: 直岛_直岛-游戏主界面.png -> 直岛/
2025-07-18 02:08:11,612 - INFO - ✅ 移动 原图: 打卡篇摘要图.png -> 女木岛/
2025-07-18 02:08:11,612 - INFO - ✅ 移动 原图: 直岛_直岛-海狸家卧室-有床-开灯-夜晚.bmp -> 直岛/
2025-07-18 02:08:11,612 - INFO - ✅ 移动 原图: 直岛_直岛-海狸家卧室-有床.bmp -> 直岛/
2025-07-18 02:08:11,613 - INFO - ✅ 移动 原图: 女木岛_女木岛-秘密基地山路-深夜.bmp -> 女木岛/
2025-07-18 02:08:11,613 - INFO - ✅ 移动 原图: 直岛_直岛-海水浴场-黄昏.bmp -> 直岛/
2025-07-18 02:08:11,613 - INFO - ✅ 移动 原图: 鸟白岛总览.bmp -> 男木岛/
2025-07-18 02:08:11,613 - INFO - ✅ 移动 原图: 男木岛_男木岛-泳池-黄昏.bmp -> 男木岛/
2025-07-18 02:08:11,613 - INFO - ✅ 移动 原图: 直岛_直岛-海狸家院子-夜晚.bmp -> 直岛/
2025-07-18 02:08:11,613 - INFO - ✅ 移动 原图: 女木岛_女木岛-秘密基地山路-黄昏.bmp -> 女木岛/
2025-07-18 02:08:11,613 - INFO - ✅ 移动 原图: 直岛_直岛地图-白羽钓点-路线版.png -> 直岛/
2025-07-18 02:08:11,613 - INFO - ✅ 移动 原图: 男木岛_男木岛-紬的灯塔.png -> 男木岛/
2025-07-18 02:08:11,614 - INFO - ✅ 移动 原图: 直岛_直岛-食堂-夜晚.bmp -> 直岛/
2025-07-18 02:08:11,614 - INFO - ✅ 移动 原图: 直岛_直岛-灵弹.bmp -> 直岛/
2025-07-18 02:08:11,614 - INFO - ✅ 移动 原图: 直岛_直岛地图-蔷薇庄-路线版.png -> 直岛/
2025-07-18 02:08:11,614 - WARNING - ⚠️ 无法确定岛屿: 交通篇摘要图.png
2025-07-18 02:08:11,614 - INFO - ✅ 移动 原图: 女木岛_女木岛-山道.bmp -> 女木岛/
2025-07-18 02:08:11,614 - INFO - ✅ 移动 原图: 男木岛_男木岛-秘密基地图标.png -> 男木岛/
2025-07-18 02:08:11,614 - INFO - ✅ 移动 原图: 直岛_直岛-通往役场道路.bmp -> 直岛/
2025-07-18 02:08:11,614 - INFO - ✅ 移动 原图: 直岛_直岛-港口-无船.bmp -> 直岛/
2025-07-18 02:08:11,614 - INFO - 开始整理 WebP 文件...
2025-07-18 02:08:11,615 - INFO - ✅ 移动 WebP: 男木岛_男木岛-苍睡觉小道-黄昏.webp -> 男木岛/
2025-07-18 02:08:11,615 - INFO - ✅ 移动 WebP: 七影碟-3.webp -> 直岛/
2025-07-18 02:08:11,615 - INFO - ✅ 移动 WebP: 直岛_直岛-海狸家卧室-有床.webp -> 直岛/
2025-07-18 02:08:11,615 - INFO - ✅ 移动 WebP: 女木岛_女木岛-山道.webp -> 女木岛/
2025-07-18 02:08:11,615 - INFO - ✅ 移动 WebP: 直岛_直岛-海水浴场-夜晚.webp -> 直岛/
2025-07-18 02:08:11,615 - INFO - ✅ 移动 WebP: 神域摘要图.webp -> 直岛/
2025-07-18 02:08:11,615 - INFO - ✅ 移动 WebP: 直岛_直岛-神社-黄昏.webp -> 直岛/
2025-07-18 02:08:11,615 - INFO - ✅ 移动 WebP: 直岛_直岛-海狸家卧室-有床-黄昏.webp -> 直岛/
2025-07-18 02:08:11,616 - INFO - ✅ 移动 WebP: 男木岛_男木岛-鬼姬神山识之墓图标.webp -> 男木岛/
2025-07-18 02:08:11,616 - INFO - ✅ 移动 WebP: 男木岛_男木岛-防波堤.webp -> 男木岛/
2025-07-18 02:08:11,616 - INFO - ✅ 移动 WebP: 直岛_直岛-港口-有船-夜晚.webp -> 直岛/
2025-07-18 02:08:11,616 - INFO - ✅ 移动 WebP: 男木岛_男木岛-灯塔-夜晚-亮灯.webp -> 男木岛/
2025-07-18 02:08:11,616 - INFO - ✅ 移动 WebP: 男木岛_男木岛-苍睡觉小道-夜晚.webp -> 男木岛/
2025-07-18 02:08:11,616 - INFO - ✅ 移动 WebP: 直岛_直岛-游戏主界面.webp -> 直岛/
2025-07-18 02:08:11,616 - INFO - ✅ 移动 WebP: 直岛_直岛-海狸家院子-夜晚.webp -> 直岛/
2025-07-18 02:08:11,616 - INFO - ✅ 移动 WebP: 男木岛_男木岛-放送塔图标.webp -> 男木岛/
2025-07-18 02:08:11,616 - INFO - ✅ 移动 WebP: 直岛_直岛-港口-下雨.webp -> 直岛/
2025-07-18 02:08:11,617 - WARNING - ⚠️ 无法确定岛屿: 交通篇摘要图.webp
2025-07-18 02:08:11,617 - INFO - ✅ 移动 WebP: 直岛_直岛-灵弹.webp -> 直岛/
2025-07-18 02:08:11,617 - INFO - ✅ 移动 WebP: 直岛_直岛-小卖部-夜晚.webp -> 直岛/
2025-07-18 02:08:11,617 - INFO - ✅ 移动 WebP: 男木岛_男木岛-鸟白岛役场-黄昏.webp -> 男木岛/
2025-07-18 02:08:11,617 - INFO - ✅ 移动 WebP: 直岛_直岛-海狸家厨房-中午.webp -> 直岛/
2025-07-18 02:08:11,617 - INFO - ✅ 移动 WebP: 直岛_直岛-海狸家卧室-无床-黄昏.webp -> 直岛/
2025-07-18 02:08:11,617 - INFO - ✅ 移动 WebP: 直岛_直岛-白羽钓点-夜晚.webp -> 直岛/
2025-07-18 02:08:11,617 - INFO - ✅ 移动 WebP: 男木岛_男木岛-苍睡觉小道.webp -> 男木岛/
2025-07-18 02:08:11,617 - INFO - ✅ 移动 WebP: 直岛_直岛地图-水塘海狸家-路线版.webp -> 直岛/
2025-07-18 02:08:11,618 - INFO - ✅ 移动 WebP: 男木岛_男木岛-地图.webp -> 男木岛/
2025-07-18 02:08:11,618 - INFO - ✅ 移动 WebP: 直岛_直岛地图-蔷薇庄-路线版.webp -> 直岛/
2025-07-18 02:08:11,618 - INFO - ✅ 移动 WebP: 女木岛_女木岛-秘密基地山路-夜晚.webp -> 女木岛/
2025-07-18 02:08:11,618 - INFO - ✅ 移动 WebP: 直岛_直岛-海狸家门前-夜晚.webp -> 直岛/
2025-07-18 02:08:11,618 - INFO - ✅ 移动 WebP: 直岛_直岛地图-小卖部-路线版.webp -> 直岛/
2025-07-18 02:08:11,618 - INFO - ✅ 移动 WebP: 直岛_直岛-海狸家客厅-夜晚.webp -> 直岛/
2025-07-18 02:08:11,619 - INFO - ✅ 移动 WebP: 男木岛_男木岛-秘密基地-夜晚.webp -> 男木岛/
2025-07-18 02:08:11,619 - INFO - ✅ 移动 WebP: 直岛_直岛-食堂-夜晚.webp -> 直岛/
2025-07-18 02:08:11,619 - INFO - ✅ 移动 WebP: 直岛_直岛-通往役场道路-夜晚.webp -> 直岛/
2025-07-18 02:08:11,619 - INFO - ✅ 移动 WebP: 女木岛_女木岛-窄路-无光.webp -> 女木岛/
2025-07-18 02:08:11,619 - INFO - ✅ 移动 WebP: 直岛_直岛-港口-有船-黄昏.webp -> 直岛/
2025-07-18 02:08:11,619 - INFO - ✅ 移动 WebP: 直岛_直岛-港口-无船-黄昏.webp -> 直岛/
2025-07-18 02:08:11,620 - INFO - ✅ 移动 WebP: 直岛_直岛-海狸家卧室-有床-开灯-夜晚.webp -> 直岛/
2025-07-18 02:08:11,620 - INFO - ✅ 移动 WebP: 直岛_直岛-港口-无船.webp -> 直岛/
2025-07-18 02:08:11,620 - INFO - ✅ 移动 WebP: 直岛_直岛-食堂.webp -> 直岛/
2025-07-18 02:08:11,620 - INFO - ✅ 移动 WebP: 男木岛_男木岛-泳池-夜晚.webp -> 男木岛/
2025-07-18 02:08:11,620 - INFO - ✅ 移动 WebP: 七影碟-4.webp -> 直岛/
2025-07-18 02:08:11,620 - INFO - ✅ 移动 WebP: 直岛_直岛-海狸家卧室-无床-开灯-夜晚.webp -> 直岛/
2025-07-18 02:08:11,621 - INFO - ✅ 移动 WebP: 鸟白岛总览.webp -> 男木岛/
2025-07-18 02:08:11,621 - INFO - ✅ 移动 WebP: 女木岛_女木岛-山道-黄昏.webp -> 女木岛/
2025-07-18 02:08:11,621 - INFO - ✅ 移动 WebP: 男木岛_男木岛地图-线路版.webp -> 男木岛/
2025-07-18 02:08:11,621 - INFO - ✅ 移动 WebP: 直岛_直岛-积浦海岸.webp -> 直岛/
2025-07-18 02:08:11,621 - INFO - ✅ 移动 WebP: 男木岛_男木岛-灯塔-夜晚-熄灯.webp -> 男木岛/
2025-07-18 02:08:11,621 - INFO - ✅ 移动 WebP: 女木岛_女木岛-山道-深夜.webp -> 女木岛/
2025-07-18 02:08:11,621 - INFO - ✅ 移动 WebP: 直岛_直岛-港口-有船.webp -> 直岛/
2025-07-18 02:08:11,621 - INFO - ✅ 移动 WebP: 直岛_直岛-小卖部-黄昏.webp -> 直岛/
2025-07-18 02:08:11,622 - INFO - ✅ 移动 WebP: 直岛_直岛-海水浴场.webp -> 直岛/
2025-07-18 02:08:11,622 - INFO - ✅ 移动 WebP: 直岛_直岛-海狸家门前-黄昏.webp -> 直岛/
2025-07-18 02:08:11,622 - INFO - ✅ 移动 WebP: 男木岛_男木岛-灯塔-黄昏.webp -> 男木岛/
2025-07-18 02:08:11,622 - INFO - ✅ 移动 WebP: 女木岛_女木岛-秘密基地山路-黄昏.webp -> 女木岛/
2025-07-18 02:08:11,622 - INFO - ✅ 移动 WebP: 直岛_直岛地图-白羽钓点-路线版.webp -> 直岛/
2025-07-18 02:08:11,622 - INFO - ✅ 移动 WebP: 男木岛_男木岛-鸟白岛役场-夜晚.webp -> 男木岛/
2025-07-18 02:08:11,622 - INFO - ✅ 移动 WebP: 男木岛_男木岛-秘密基地-黄昏.webp -> 男木岛/
2025-07-18 02:08:11,622 - INFO - ✅ 移动 WebP: 女木岛_女木岛-山道-夜晚.webp -> 女木岛/
2025-07-18 02:08:11,623 - INFO - ✅ 移动 WebP: 直岛_直岛-小卖部.webp -> 直岛/
2025-07-18 02:08:11,623 - INFO - ✅ 移动 WebP: 女木岛_女木岛-秘密基地山路.webp -> 女木岛/
2025-07-18 02:08:11,623 - INFO - ✅ 移动 WebP: 直岛_直岛-蔷薇庄.webp -> 直岛/
2025-07-18 02:08:11,623 - INFO - ✅ 移动 WebP: 男木岛_男木岛-鸥相遇小道.webp -> 男木岛/
2025-07-18 02:08:11,623 - INFO - ✅ 移动 WebP: 直岛_直岛-海狸家厨房-夜晚.webp -> 直岛/
2025-07-18 02:08:11,623 - INFO - ✅ 移动 WebP: 直岛_直岛-白羽钓点-黄昏.webp -> 直岛/
2025-07-18 02:08:11,623 - INFO - ✅ 移动 WebP: 男木岛_男木岛-泳池.webp -> 男木岛/
2025-07-18 02:08:11,623 - INFO - ✅ 移动 WebP: 直岛_直岛-食堂-黄昏.webp -> 直岛/
2025-07-18 02:08:11,623 - INFO - ✅ 移动 WebP: 直岛_直岛-海狸家客厅.webp -> 直岛/
2025-07-18 02:08:11,624 - INFO - ✅ 移动 WebP: 直岛_直岛-海狸家院子.webp -> 直岛/
2025-07-18 02:08:11,624 - INFO - ✅ 移动 WebP: 直岛_直岛-海狸家院子-黄昏.webp -> 直岛/
2025-07-18 02:08:11,624 - INFO - ✅ 移动 WebP: 直岛_直岛-白羽钓点.webp -> 直岛/
2025-07-18 02:08:11,624 - INFO - ✅ 移动 WebP: 直岛_直岛-海狸家卧室-无床.webp -> 直岛/
2025-07-18 02:08:11,624 - INFO - ✅ 移动 WebP: 男木岛_男木岛-泳池-黄昏.webp -> 男木岛/
2025-07-18 02:08:11,624 - INFO - ✅ 移动 WebP: 打卡篇摘要图.webp -> 女木岛/
2025-07-18 02:08:11,624 - INFO - ✅ 移动 WebP: 直岛_直岛-通往役场道路.webp -> 直岛/
2025-07-18 02:08:11,624 - INFO - ✅ 移动 WebP: 男木岛_男木岛-紬的灯塔.webp -> 男木岛/
2025-07-18 02:08:11,625 - INFO - ✅ 移动 WebP: 女木岛_女木岛-窄路-有光.webp -> 女木岛/
2025-07-18 02:08:11,625 - INFO - ✅ 移动 WebP: 直岛_直岛地图-路线版.webp -> 直岛/
2025-07-18 02:08:11,625 - INFO - ✅ 移动 WebP: 男木岛_男木岛-秘密基地.webp -> 男木岛/
2025-07-18 02:08:11,625 - INFO - ✅ 移动 WebP: 男木岛_男木岛-鸥相遇小道-黄昏.webp -> 男木岛/
2025-07-18 02:08:11,625 - INFO - ✅ 移动 WebP: 直岛_直岛-港口-无船-夜晚.webp -> 直岛/
2025-07-18 02:08:11,625 - INFO - ✅ 移动 WebP: 直岛_直岛-海狸家卧室-有床-关灯-夜晚.webp -> 直岛/
2025-07-18 02:08:11,625 - INFO - ✅ 移动 WebP: 男木岛_男木岛-鸥相遇小道图标.webp -> 男木岛/
2025-07-18 02:08:11,626 - INFO - ✅ 移动 WebP: 直岛_直岛-海狸家厨房.webp -> 直岛/
2025-07-18 02:08:11,626 - INFO - ✅ 移动 WebP: 男木岛_男木岛-放送塔.webp -> 男木岛/
2025-07-18 02:08:11,626 - INFO - ✅ 移动 WebP: 七影碟.webp -> 直岛/
2025-07-18 02:08:11,626 - INFO - ✅ 移动 WebP: 女木岛_女木岛-采石场入口.webp -> 女木岛/
2025-07-18 02:08:11,626 - INFO - ✅ 移动 WebP: 直岛_直岛-海水浴场-黄昏.webp -> 直岛/
2025-07-18 02:08:11,626 - WARNING - ⚠️ 无法确定岛屿: sprb封面图.webp
2025-07-18 02:08:11,626 - INFO - ✅ 移动 WebP: 女木岛_女木岛-采石场-分岔路-有光.webp -> 女木岛/
2025-07-18 02:08:11,626 - INFO - ✅ 移动 WebP: 直岛_直岛-海狸家门前.webp -> 直岛/
2025-07-18 02:08:11,626 - INFO - ✅ 移动 WebP: 直岛_直岛-通往役场道路-黄昏.webp -> 直岛/
2025-07-18 02:08:11,627 - INFO - ✅ 移动 WebP: 女木岛_女木岛-采石场-分岔路-无光.webp -> 女木岛/
2025-07-18 02:08:11,627 - INFO - ✅ 移动 WebP: 直岛_直岛-八幡神社石阶.webp -> 直岛/
2025-07-18 02:08:11,627 - INFO - ✅ 移动 WebP: 女木岛_女木岛-秘密基地山路-深夜.webp -> 女木岛/
2025-07-18 02:08:11,627 - INFO - ✅ 移动 WebP: 直岛_直岛-海狸家客厅-黄昏.webp -> 直岛/
2025-07-18 02:08:11,627 - INFO - ✅ 移动 WebP: 直岛_直岛-海狸家卧室-无床-关灯-夜晚.webp -> 直岛/
2025-07-18 02:08:11,627 - INFO - ✅ 移动 WebP: 男木岛_男木岛-鬼姬神山识之墓.webp -> 男木岛/
2025-07-18 02:08:11,627 - INFO - ✅ 移动 WebP: 男木岛_男木岛-鸟白岛役场.webp -> 男木岛/
2025-07-18 02:08:11,627 - INFO - ✅ 移动 WebP: 女木岛_女木岛地图-线路版.webp -> 女木岛/
2025-07-18 02:08:11,628 - INFO - ✅ 移动 WebP: 直岛_直岛-神社.webp -> 直岛/
2025-07-18 02:08:11,628 - INFO - ✅ 移动 WebP: 男木岛_男木岛-灯塔图标.webp -> 男木岛/
2025-07-18 02:08:11,628 - INFO - ✅ 移动 WebP: 男木岛_男木岛-鸥相遇小道-夜晚.webp -> 男木岛/
2025-07-18 02:08:11,628 - INFO - ✅ 移动 WebP: 直岛_直岛-灵弹-黄昏.webp -> 直岛/
2025-07-18 02:08:11,628 - INFO - ✅ 移动 WebP: 男木岛_男木岛-灯塔.webp -> 男木岛/
2025-07-18 02:08:11,628 - INFO - ✅ 移动 WebP: 打卡篇地图-航线版.webp -> 女木岛/
2025-07-18 02:08:11,628 - INFO - ✅ 移动 WebP: 直岛_直岛-惠美须神社鸟居.webp -> 直岛/
2025-07-18 02:08:11,628 - INFO - ✅ 移动 WebP: 男木岛_男木岛-秘密基地图标.webp -> 男木岛/
2025-07-18 02:08:11,629 - INFO - ✅ 移动 WebP: 女木岛_女木岛-采石场入口-黄昏.webp -> 女木岛/
2025-07-18 02:08:11,629 - INFO - ✅ 移动 WebP: 直岛_直岛-神社-夜晚.webp -> 直岛/
2025-07-18 02:08:11,629 - INFO - ✅ 移动 WebP: 女木岛_女木岛-采石场入口-夜晚.webp -> 女木岛/
2025-07-18 02:08:11,629 - INFO - ✅ 移动 WebP: 直岛_直岛-灵弹-夜晚.webp -> 直岛/
2025-07-18 02:08:11,629 - INFO - ✅ 移动 WebP: 男木岛_男木岛-静久神社图.webp -> 男木岛/
2025-07-18 02:08:11,629 - INFO - 
==================================================
2025-07-18 02:08:11,629 - INFO - 图片整理完成！
2025-07-18 02:08:11,629 - INFO - ==================================================
2025-07-18 02:08:11,629 - INFO - 总文件数: 228
2025-07-18 02:08:11,629 - INFO - 成功整理: 224
2025-07-18 02:08:11,629 - INFO - 跳过文件: 4
2025-07-18 02:08:11,629 - INFO - 错误文件: 0
2025-07-18 02:08:11,630 - INFO - 男木岛: 原图 32 个, WebP 32 个
2025-07-18 02:08:11,630 - INFO - 女木岛: 原图 18 个, WebP 18 个
2025-07-18 02:08:11,631 - INFO - 直岛: 原图 62 个, WebP 62 个
2025-07-18 02:08:11,631 - INFO - ==================================================
2025-07-18 02:08:11,631 - INFO - 🎉 图片整理完成！
