2025-07-18 01:13:30,442 - INFO - ✅ Pillow库已安装
2025-07-18 01:13:30,446 - INFO - 找到 228 个图片文件
2025-07-18 01:13:30,446 - INFO - 处理进度: 1/228 - 七影碟.png
2025-07-18 01:13:32,981 - INFO - ✅ 转换成功: 七影碟.png -> 七影碟.webp
2025-07-18 01:13:32,981 - INFO -    原始大小: 153.6KB
2025-07-18 01:13:32,981 - INFO -    转换后大小: 45.4KB
2025-07-18 01:13:32,981 - INFO -    压缩率: 70.5%
2025-07-18 01:13:32,981 - INFO - 处理进度: 2/228 - 神域摘要图.bmp
2025-07-18 01:13:33,612 - INFO - ✅ 转换成功: 神域摘要图.bmp -> 神域摘要图.webp
2025-07-18 01:13:33,612 - INFO -    原始大小: 7.9MB
2025-07-18 01:13:33,612 - INFO -    转换后大小: 358.8KB
2025-07-18 01:13:33,612 - INFO -    压缩率: 95.6%
2025-07-18 01:13:33,613 - INFO - 处理进度: 3/228 - sprb封面图.png
2025-07-18 01:13:34,314 - INFO - ✅ 转换成功: sprb封面图.png -> sprb封面图.webp
2025-07-18 01:13:34,314 - INFO -    原始大小: 3.0MB
2025-07-18 01:13:34,314 - INFO -    转换后大小: 301.5KB
2025-07-18 01:13:34,314 - INFO -    压缩率: 90.2%
2025-07-18 01:13:34,314 - INFO - 处理进度: 4/228 - 七影碟-4.png
2025-07-18 01:13:36,024 - INFO - ✅ 转换成功: 七影碟-4.png -> 七影碟-4.webp
2025-07-18 01:13:36,024 - INFO -    原始大小: 230.6KB
2025-07-18 01:13:36,024 - INFO -    转换后大小: 47.1KB
2025-07-18 01:13:36,024 - INFO -    压缩率: 79.6%
2025-07-18 01:13:36,024 - INFO - 处理进度: 5/228 - 打卡篇地图-航线版.png
2025-07-18 01:13:36,334 - INFO - ✅ 转换成功: 打卡篇地图-航线版.png -> 打卡篇地图-航线版.webp
2025-07-18 01:13:36,334 - INFO -    原始大小: 2.2MB
2025-07-18 01:13:36,334 - INFO -    转换后大小: 86.5KB
2025-07-18 01:13:36,334 - INFO -    压缩率: 96.1%
2025-07-18 01:13:36,334 - INFO - 处理进度: 6/228 - 七影碟-3.png
2025-07-18 01:13:38,716 - INFO - ✅ 转换成功: 七影碟-3.png -> 七影碟-3.webp
2025-07-18 01:13:38,716 - INFO -    原始大小: 185.5KB
2025-07-18 01:13:38,716 - INFO -    转换后大小: 48.8KB
2025-07-18 01:13:38,716 - INFO -    压缩率: 73.7%
2025-07-18 01:13:38,716 - INFO - 处理进度: 7/228 - 打卡篇摘要图.png
2025-07-18 01:13:39,462 - INFO - ✅ 转换成功: 打卡篇摘要图.png -> 打卡篇摘要图.webp
2025-07-18 01:13:39,462 - INFO -    原始大小: 5.6MB
2025-07-18 01:13:39,462 - INFO -    转换后大小: 180.0KB
2025-07-18 01:13:39,462 - INFO -    压缩率: 96.8%
2025-07-18 01:13:39,462 - INFO - 处理进度: 8/228 - 鸟白岛总览.bmp
2025-07-18 01:13:39,802 - INFO - ✅ 转换成功: 鸟白岛总览.bmp -> 鸟白岛总览.webp
2025-07-18 01:13:39,802 - INFO -    原始大小: 7.9MB
2025-07-18 01:13:39,802 - INFO -    转换后大小: 117.5KB
2025-07-18 01:13:39,803 - INFO -    压缩率: 98.5%
2025-07-18 01:13:39,803 - INFO - 处理进度: 9/228 - 交通篇摘要图.png
2025-07-18 01:13:40,392 - INFO - ✅ 转换成功: 交通篇摘要图.png -> 交通篇摘要图.webp
2025-07-18 01:13:40,392 - INFO -    原始大小: 2.3MB
2025-07-18 01:13:40,392 - INFO -    转换后大小: 268.1KB
2025-07-18 01:13:40,392 - INFO -    压缩率: 88.8%
2025-07-18 01:13:40,392 - INFO - 处理进度: 10/228 - 七影碟.png
2025-07-18 01:13:42,750 - INFO - ✅ 转换成功: 七影碟.png -> 七影碟.webp
2025-07-18 01:13:42,750 - INFO -    原始大小: 153.6KB
2025-07-18 01:13:42,750 - INFO -    转换后大小: 45.4KB
2025-07-18 01:13:42,750 - INFO -    压缩率: 70.5%
2025-07-18 01:13:42,750 - INFO - 处理进度: 11/228 - 神域摘要图.bmp
2025-07-18 01:13:43,454 - INFO - ✅ 转换成功: 神域摘要图.bmp -> 神域摘要图.webp
2025-07-18 01:13:43,455 - INFO -    原始大小: 7.9MB
2025-07-18 01:13:43,455 - INFO -    转换后大小: 358.8KB
2025-07-18 01:13:43,455 - INFO -    压缩率: 95.6%
2025-07-18 01:13:43,455 - INFO - 处理进度: 12/228 - sprb封面图.png
2025-07-18 01:13:44,153 - INFO - ✅ 转换成功: sprb封面图.png -> sprb封面图.webp
2025-07-18 01:13:44,153 - INFO -    原始大小: 3.0MB
2025-07-18 01:13:44,153 - INFO -    转换后大小: 301.5KB
2025-07-18 01:13:44,153 - INFO -    压缩率: 90.2%
2025-07-18 01:13:44,153 - INFO - 处理进度: 13/228 - 七影碟-4.png
2025-07-18 01:13:45,910 - INFO - ✅ 转换成功: 七影碟-4.png -> 七影碟-4.webp
2025-07-18 01:13:45,910 - INFO -    原始大小: 230.6KB
2025-07-18 01:13:45,910 - INFO -    转换后大小: 47.1KB
2025-07-18 01:13:45,910 - INFO -    压缩率: 79.6%
2025-07-18 01:13:45,910 - INFO - 处理进度: 14/228 - 打卡篇地图-航线版.png
2025-07-18 01:13:46,206 - INFO - ✅ 转换成功: 打卡篇地图-航线版.png -> 打卡篇地图-航线版.webp
2025-07-18 01:13:46,206 - INFO -    原始大小: 2.2MB
2025-07-18 01:13:46,206 - INFO -    转换后大小: 86.5KB
2025-07-18 01:13:46,206 - INFO -    压缩率: 96.1%
2025-07-18 01:13:46,206 - INFO - 处理进度: 15/228 - 七影碟-3.png
2025-07-18 01:13:48,545 - INFO - ✅ 转换成功: 七影碟-3.png -> 七影碟-3.webp
2025-07-18 01:13:48,545 - INFO -    原始大小: 185.5KB
2025-07-18 01:13:48,545 - INFO -    转换后大小: 48.8KB
2025-07-18 01:13:48,545 - INFO -    压缩率: 73.7%
2025-07-18 01:13:48,545 - INFO - 处理进度: 16/228 - 打卡篇摘要图.png
2025-07-18 01:13:49,322 - INFO - ✅ 转换成功: 打卡篇摘要图.png -> 打卡篇摘要图.webp
2025-07-18 01:13:49,322 - INFO -    原始大小: 5.6MB
2025-07-18 01:13:49,322 - INFO -    转换后大小: 180.0KB
2025-07-18 01:13:49,322 - INFO -    压缩率: 96.8%
2025-07-18 01:13:49,322 - INFO - 处理进度: 17/228 - 鸟白岛总览.bmp
2025-07-18 01:13:49,672 - INFO - ✅ 转换成功: 鸟白岛总览.bmp -> 鸟白岛总览.webp
2025-07-18 01:13:49,672 - INFO -    原始大小: 7.9MB
2025-07-18 01:13:49,672 - INFO -    转换后大小: 117.5KB
2025-07-18 01:13:49,672 - INFO -    压缩率: 98.5%
2025-07-18 01:13:49,672 - INFO - 处理进度: 18/228 - 交通篇摘要图.png
2025-07-18 01:13:50,259 - INFO - ✅ 转换成功: 交通篇摘要图.png -> 交通篇摘要图.webp
2025-07-18 01:13:50,259 - INFO -    原始大小: 2.3MB
2025-07-18 01:13:50,259 - INFO -    转换后大小: 268.1KB
2025-07-18 01:13:50,259 - INFO -    压缩率: 88.8%
2025-07-18 01:13:50,259 - INFO - 处理进度: 19/228 - 男木岛-放送塔.jpg
2025-07-18 01:13:50,520 - INFO - ✅ 转换成功: 男木岛-放送塔.jpg -> 男木岛-放送塔.webp
2025-07-18 01:13:50,520 - INFO -    原始大小: 1.3MB
2025-07-18 01:13:50,520 - INFO -    转换后大小: 77.3KB
2025-07-18 01:13:50,520 - INFO -    压缩率: 94.0%
2025-07-18 01:13:50,520 - INFO - 处理进度: 20/228 - 男木岛-鸥相遇小道.bmp
2025-07-18 01:13:50,969 - INFO - ✅ 转换成功: 男木岛-鸥相遇小道.bmp -> 男木岛-鸥相遇小道.webp
2025-07-18 01:13:50,969 - INFO -    原始大小: 7.9MB
2025-07-18 01:13:50,969 - INFO -    转换后大小: 203.0KB
2025-07-18 01:13:50,969 - INFO -    压缩率: 97.5%
2025-07-18 01:13:50,970 - INFO - 处理进度: 21/228 - 男木岛-鬼姬神山识之墓图标.png
2025-07-18 01:13:51,107 - INFO - ✅ 转换成功: 男木岛-鬼姬神山识之墓图标.png -> 男木岛-鬼姬神山识之墓图标.webp
2025-07-18 01:13:51,107 - INFO -    原始大小: 3.5KB
2025-07-18 01:13:51,107 - INFO -    转换后大小: 1.5KB
2025-07-18 01:13:51,107 - INFO -    压缩率: 56.8%
2025-07-18 01:13:51,107 - INFO - 处理进度: 22/228 - 男木岛-泳池-黄昏.bmp
2025-07-18 01:13:51,435 - INFO - ✅ 转换成功: 男木岛-泳池-黄昏.bmp -> 男木岛-泳池-黄昏.webp
2025-07-18 01:13:51,436 - INFO -    原始大小: 7.9MB
2025-07-18 01:13:51,436 - INFO -    转换后大小: 109.4KB
2025-07-18 01:13:51,436 - INFO -    压缩率: 98.6%
2025-07-18 01:13:51,436 - INFO - 处理进度: 23/228 - 男木岛-鸟白岛役场-夜晚.bmp
2025-07-18 01:13:51,727 - INFO - ✅ 转换成功: 男木岛-鸟白岛役场-夜晚.bmp -> 男木岛-鸟白岛役场-夜晚.webp
2025-07-18 01:13:51,727 - INFO -    原始大小: 7.9MB
2025-07-18 01:13:51,727 - INFO -    转换后大小: 78.0KB
2025-07-18 01:13:51,727 - INFO -    压缩率: 99.0%
2025-07-18 01:13:51,727 - INFO - 处理进度: 24/228 - 男木岛-灯塔-夜晚-熄灯.bmp
2025-07-18 01:13:52,040 - INFO - ✅ 转换成功: 男木岛-灯塔-夜晚-熄灯.bmp -> 男木岛-灯塔-夜晚-熄灯.webp
2025-07-18 01:13:52,040 - INFO -    原始大小: 7.9MB
2025-07-18 01:13:52,040 - INFO -    转换后大小: 99.0KB
2025-07-18 01:13:52,040 - INFO -    压缩率: 98.8%
2025-07-18 01:13:52,040 - INFO - 处理进度: 25/228 - 男木岛地图-线路版.png
2025-07-18 01:13:52,321 - INFO - ✅ 转换成功: 男木岛地图-线路版.png -> 男木岛地图-线路版.webp
2025-07-18 01:13:52,322 - INFO -    原始大小: 2.3MB
2025-07-18 01:13:52,322 - INFO -    转换后大小: 76.5KB
2025-07-18 01:13:52,322 - INFO -    压缩率: 96.8%
2025-07-18 01:13:52,322 - INFO - 处理进度: 26/228 - 男木岛-灯塔图标.png
2025-07-18 01:13:52,612 - INFO - ✅ 转换成功: 男木岛-灯塔图标.png -> 男木岛-灯塔图标.webp
2025-07-18 01:13:52,612 - INFO -    原始大小: 7.4KB
2025-07-18 01:13:52,612 - INFO -    转换后大小: 3.8KB
2025-07-18 01:13:52,612 - INFO -    压缩率: 48.1%
2025-07-18 01:13:52,612 - INFO - 处理进度: 27/228 - 男木岛-鬼姬神山识之墓.png
2025-07-18 01:13:53,258 - INFO - ✅ 转换成功: 男木岛-鬼姬神山识之墓.png -> 男木岛-鬼姬神山识之墓.webp
2025-07-18 01:13:53,258 - INFO -    原始大小: 2.6MB
2025-07-18 01:13:53,258 - INFO -    转换后大小: 215.4KB
2025-07-18 01:13:53,258 - INFO -    压缩率: 92.0%
2025-07-18 01:13:53,258 - INFO - 处理进度: 28/228 - 男木岛-苍睡觉小道-黄昏.bmp
2025-07-18 01:13:53,731 - INFO - ✅ 转换成功: 男木岛-苍睡觉小道-黄昏.bmp -> 男木岛-苍睡觉小道-黄昏.webp
2025-07-18 01:13:53,731 - INFO -    原始大小: 7.9MB
2025-07-18 01:13:53,731 - INFO -    转换后大小: 205.2KB
2025-07-18 01:13:53,731 - INFO -    压缩率: 97.5%
2025-07-18 01:13:53,731 - INFO - 处理进度: 29/228 - 男木岛-苍睡觉小道-夜晚.bmp
2025-07-18 01:13:54,055 - INFO - ✅ 转换成功: 男木岛-苍睡觉小道-夜晚.bmp -> 男木岛-苍睡觉小道-夜晚.webp
2025-07-18 01:13:54,055 - INFO -    原始大小: 7.9MB
2025-07-18 01:13:54,055 - INFO -    转换后大小: 106.1KB
2025-07-18 01:13:54,055 - INFO -    压缩率: 98.7%
2025-07-18 01:13:54,055 - INFO - 处理进度: 30/228 - 男木岛-鸥相遇小道-黄昏.bmp
2025-07-18 01:13:54,460 - INFO - ✅ 转换成功: 男木岛-鸥相遇小道-黄昏.bmp -> 男木岛-鸥相遇小道-黄昏.webp
2025-07-18 01:13:54,460 - INFO -    原始大小: 7.9MB
2025-07-18 01:13:54,460 - INFO -    转换后大小: 161.7KB
2025-07-18 01:13:54,460 - INFO -    压缩率: 98.0%
2025-07-18 01:13:54,460 - INFO - 处理进度: 31/228 - 男木岛-鸥相遇小道-夜晚.bmp
2025-07-18 01:13:54,785 - INFO - ✅ 转换成功: 男木岛-鸥相遇小道-夜晚.bmp -> 男木岛-鸥相遇小道-夜晚.webp
2025-07-18 01:13:54,785 - INFO -    原始大小: 7.9MB
2025-07-18 01:13:54,785 - INFO -    转换后大小: 99.1KB
2025-07-18 01:13:54,785 - INFO -    压缩率: 98.8%
2025-07-18 01:13:54,785 - INFO - 处理进度: 32/228 - 男木岛-紬的灯塔.png
2025-07-18 01:13:55,211 - INFO - ✅ 转换成功: 男木岛-紬的灯塔.png -> 男木岛-紬的灯塔.webp
2025-07-18 01:13:55,211 - INFO -    原始大小: 3.2MB
2025-07-18 01:13:55,211 - INFO -    转换后大小: 109.9KB
2025-07-18 01:13:55,211 - INFO -    压缩率: 96.7%
2025-07-18 01:13:55,211 - INFO - 处理进度: 33/228 - 男木岛-苍睡觉小道.bmp
2025-07-18 01:13:55,765 - INFO - ✅ 转换成功: 男木岛-苍睡觉小道.bmp -> 男木岛-苍睡觉小道.webp
2025-07-18 01:13:55,765 - INFO -    原始大小: 7.9MB
2025-07-18 01:13:55,765 - INFO -    转换后大小: 232.3KB
2025-07-18 01:13:55,765 - INFO -    压缩率: 97.1%
2025-07-18 01:13:55,765 - INFO - 处理进度: 34/228 - 男木岛-地图.png
2025-07-18 01:13:56,070 - INFO - ✅ 转换成功: 男木岛-地图.png -> 男木岛-地图.webp
2025-07-18 01:13:56,070 - INFO -    原始大小: 1.8MB
2025-07-18 01:13:56,070 - INFO -    转换后大小: 92.4KB
2025-07-18 01:13:56,070 - INFO -    压缩率: 95.1%
2025-07-18 01:13:56,070 - INFO - 处理进度: 35/228 - 男木岛-秘密基地-夜晚.bmp
2025-07-18 01:13:56,469 - INFO - ✅ 转换成功: 男木岛-秘密基地-夜晚.bmp -> 男木岛-秘密基地-夜晚.webp
2025-07-18 01:13:56,469 - INFO -    原始大小: 7.9MB
2025-07-18 01:13:56,469 - INFO -    转换后大小: 115.4KB
2025-07-18 01:13:56,469 - INFO -    压缩率: 98.6%
2025-07-18 01:13:56,469 - INFO - 处理进度: 36/228 - 男木岛-放送塔图标.png
2025-07-18 01:13:56,727 - INFO - ✅ 转换成功: 男木岛-放送塔图标.png -> 男木岛-放送塔图标.webp
2025-07-18 01:13:56,727 - INFO -    原始大小: 6.9KB
2025-07-18 01:13:56,727 - INFO -    转换后大小: 3.5KB
2025-07-18 01:13:56,727 - INFO -    压缩率: 49.1%
2025-07-18 01:13:56,727 - INFO - 处理进度: 37/228 - 男木岛-鸟白岛役场-黄昏.bmp
2025-07-18 01:13:57,157 - INFO - ✅ 转换成功: 男木岛-鸟白岛役场-黄昏.bmp -> 男木岛-鸟白岛役场-黄昏.webp
2025-07-18 01:13:57,157 - INFO -    原始大小: 7.9MB
2025-07-18 01:13:57,157 - INFO -    转换后大小: 161.7KB
2025-07-18 01:13:57,157 - INFO -    压缩率: 98.0%
2025-07-18 01:13:57,157 - INFO - 处理进度: 38/228 - 男木岛-秘密基地.bmp
2025-07-18 01:13:57,584 - INFO - ✅ 转换成功: 男木岛-秘密基地.bmp -> 男木岛-秘密基地.webp
2025-07-18 01:13:57,584 - INFO -    原始大小: 7.9MB
2025-07-18 01:13:57,584 - INFO -    转换后大小: 143.2KB
2025-07-18 01:13:57,584 - INFO -    压缩率: 98.2%
2025-07-18 01:13:57,584 - INFO - 处理进度: 39/228 - 男木岛-灯塔.bmp
2025-07-18 01:13:58,080 - INFO - ✅ 转换成功: 男木岛-灯塔.bmp -> 男木岛-灯塔.webp
2025-07-18 01:13:58,080 - INFO -    原始大小: 7.9MB
2025-07-18 01:13:58,080 - INFO -    转换后大小: 213.9KB
2025-07-18 01:13:58,080 - INFO -    压缩率: 97.4%
2025-07-18 01:13:58,080 - INFO - 处理进度: 40/228 - 男木岛-泳池-夜晚.bmp
2025-07-18 01:13:58,325 - INFO - ✅ 转换成功: 男木岛-泳池-夜晚.bmp -> 男木岛-泳池-夜晚.webp
2025-07-18 01:13:58,325 - INFO -    原始大小: 7.9MB
2025-07-18 01:13:58,325 - INFO -    转换后大小: 61.4KB
2025-07-18 01:13:58,325 - INFO -    压缩率: 99.2%
2025-07-18 01:13:58,325 - INFO - 处理进度: 41/228 - 男木岛-防波堤.png
2025-07-18 01:13:59,151 - INFO - ✅ 转换成功: 男木岛-防波堤.png -> 男木岛-防波堤.webp
2025-07-18 01:13:59,152 - INFO -    原始大小: 5.3MB
2025-07-18 01:13:59,152 - INFO -    转换后大小: 64.7KB
2025-07-18 01:13:59,152 - INFO -    压缩率: 98.8%
2025-07-18 01:13:59,152 - INFO - 处理进度: 42/228 - 男木岛-秘密基地-黄昏.bmp
2025-07-18 01:13:59,571 - INFO - ✅ 转换成功: 男木岛-秘密基地-黄昏.bmp -> 男木岛-秘密基地-黄昏.webp
2025-07-18 01:13:59,571 - INFO -    原始大小: 7.9MB
2025-07-18 01:13:59,571 - INFO -    转换后大小: 131.3KB
2025-07-18 01:13:59,571 - INFO -    压缩率: 98.4%
2025-07-18 01:13:59,571 - INFO - 处理进度: 43/228 - 男木岛-泳池.bmp
2025-07-18 01:13:59,933 - INFO - ✅ 转换成功: 男木岛-泳池.bmp -> 男木岛-泳池.webp
2025-07-18 01:13:59,933 - INFO -    原始大小: 7.9MB
2025-07-18 01:13:59,933 - INFO -    转换后大小: 140.4KB
2025-07-18 01:13:59,933 - INFO -    压缩率: 98.3%
2025-07-18 01:13:59,933 - INFO - 处理进度: 44/228 - 男木岛-灯塔-夜晚-亮灯.bmp
2025-07-18 01:14:00,247 - INFO - ✅ 转换成功: 男木岛-灯塔-夜晚-亮灯.bmp -> 男木岛-灯塔-夜晚-亮灯.webp
2025-07-18 01:14:00,248 - INFO -    原始大小: 7.9MB
2025-07-18 01:14:00,248 - INFO -    转换后大小: 99.1KB
2025-07-18 01:14:00,248 - INFO -    压缩率: 98.8%
2025-07-18 01:14:00,248 - INFO - 处理进度: 45/228 - 男木岛-秘密基地图标.png
2025-07-18 01:14:00,517 - INFO - ✅ 转换成功: 男木岛-秘密基地图标.png -> 男木岛-秘密基地图标.webp
2025-07-18 01:14:00,517 - INFO -    原始大小: 4.1KB
2025-07-18 01:14:00,517 - INFO -    转换后大小: 2.4KB
2025-07-18 01:14:00,517 - INFO -    压缩率: 40.9%
2025-07-18 01:14:00,517 - INFO - 处理进度: 46/228 - 男木岛-静久神社图.jpg
2025-07-18 01:14:00,765 - INFO - ✅ 转换成功: 男木岛-静久神社图.jpg -> 男木岛-静久神社图.webp
2025-07-18 01:14:00,765 - INFO -    原始大小: 1.2MB
2025-07-18 01:14:00,765 - INFO -    转换后大小: 64.5KB
2025-07-18 01:14:00,765 - INFO -    压缩率: 94.9%
2025-07-18 01:14:00,765 - INFO - 处理进度: 47/228 - 男木岛-鸥相遇小道图标.png
2025-07-18 01:14:00,917 - INFO - ✅ 转换成功: 男木岛-鸥相遇小道图标.png -> 男木岛-鸥相遇小道图标.webp
2025-07-18 01:14:00,917 - INFO -    原始大小: 3.3KB
2025-07-18 01:14:00,917 - INFO -    转换后大小: 626.0B
2025-07-18 01:14:00,917 - INFO -    压缩率: 81.3%
2025-07-18 01:14:00,917 - INFO - 处理进度: 48/228 - 男木岛-灯塔-黄昏.bmp
2025-07-18 01:14:01,347 - INFO - ✅ 转换成功: 男木岛-灯塔-黄昏.bmp -> 男木岛-灯塔-黄昏.webp
2025-07-18 01:14:01,347 - INFO -    原始大小: 7.9MB
2025-07-18 01:14:01,348 - INFO -    转换后大小: 168.0KB
2025-07-18 01:14:01,348 - INFO -    压缩率: 97.9%
2025-07-18 01:14:01,348 - INFO - 处理进度: 49/228 - 男木岛-鸟白岛役场.bmp
2025-07-18 01:14:01,816 - INFO - ✅ 转换成功: 男木岛-鸟白岛役场.bmp -> 男木岛-鸟白岛役场.webp
2025-07-18 01:14:01,816 - INFO -    原始大小: 7.9MB
2025-07-18 01:14:01,816 - INFO -    转换后大小: 197.3KB
2025-07-18 01:14:01,816 - INFO -    压缩率: 97.6%
2025-07-18 01:14:01,816 - INFO - 处理进度: 50/228 - 直岛-海狸家门前-黄昏.bmp
2025-07-18 01:14:02,197 - INFO - ✅ 转换成功: 直岛-海狸家门前-黄昏.bmp -> 直岛-海狸家门前-黄昏.webp
2025-07-18 01:14:02,197 - INFO -    原始大小: 7.9MB
2025-07-18 01:14:02,197 - INFO -    转换后大小: 132.9KB
2025-07-18 01:14:02,197 - INFO -    压缩率: 98.4%
2025-07-18 01:14:02,197 - INFO - 处理进度: 51/228 - 直岛-通往役场道路-夜晚.bmp
2025-07-18 01:14:02,529 - INFO - ✅ 转换成功: 直岛-通往役场道路-夜晚.bmp -> 直岛-通往役场道路-夜晚.webp
2025-07-18 01:14:02,530 - INFO -    原始大小: 7.9MB
2025-07-18 01:14:02,530 - INFO -    转换后大小: 108.1KB
2025-07-18 01:14:02,530 - INFO -    压缩率: 98.7%
2025-07-18 01:14:02,530 - INFO - 处理进度: 52/228 - 直岛-海水浴场.bmp
2025-07-18 01:14:02,904 - INFO - ✅ 转换成功: 直岛-海水浴场.bmp -> 直岛-海水浴场.webp
2025-07-18 01:14:02,904 - INFO -    原始大小: 7.9MB
2025-07-18 01:14:02,904 - INFO -    转换后大小: 149.2KB
2025-07-18 01:14:02,904 - INFO -    压缩率: 98.2%
2025-07-18 01:14:02,904 - INFO - 处理进度: 53/228 - 直岛-海狸家卧室-有床.bmp
2025-07-18 01:14:03,267 - INFO - ✅ 转换成功: 直岛-海狸家卧室-有床.bmp -> 直岛-海狸家卧室-有床.webp
2025-07-18 01:14:03,267 - INFO -    原始大小: 7.9MB
2025-07-18 01:14:03,267 - INFO -    转换后大小: 108.4KB
2025-07-18 01:14:03,267 - INFO -    压缩率: 98.7%
2025-07-18 01:14:03,267 - INFO - 处理进度: 54/228 - 直岛-海狸家院子.bmp
2025-07-18 01:14:03,760 - INFO - ✅ 转换成功: 直岛-海狸家院子.bmp -> 直岛-海狸家院子.webp
2025-07-18 01:14:03,760 - INFO -    原始大小: 7.9MB
2025-07-18 01:14:03,760 - INFO -    转换后大小: 207.5KB
2025-07-18 01:14:03,760 - INFO -    压缩率: 97.4%
2025-07-18 01:14:03,760 - INFO - 处理进度: 55/228 - 直岛-灵弹.bmp
2025-07-18 01:14:04,294 - INFO - ✅ 转换成功: 直岛-灵弹.bmp -> 直岛-灵弹.webp
2025-07-18 01:14:04,294 - INFO -    原始大小: 7.9MB
2025-07-18 01:14:04,294 - INFO -    转换后大小: 270.4KB
2025-07-18 01:14:04,294 - INFO -    压缩率: 96.7%
2025-07-18 01:14:04,294 - INFO - 处理进度: 56/228 - 直岛-海狸家厨房-中午.bmp
2025-07-18 01:14:04,716 - INFO - ✅ 转换成功: 直岛-海狸家厨房-中午.bmp -> 直岛-海狸家厨房-中午.webp
2025-07-18 01:14:04,716 - INFO -    原始大小: 7.9MB
2025-07-18 01:14:04,716 - INFO -    转换后大小: 144.6KB
2025-07-18 01:14:04,716 - INFO -    压缩率: 98.2%
2025-07-18 01:14:04,716 - INFO - 处理进度: 57/228 - 直岛-海狸家门前-夜晚.bmp
2025-07-18 01:14:05,037 - INFO - ✅ 转换成功: 直岛-海狸家门前-夜晚.bmp -> 直岛-海狸家门前-夜晚.webp
2025-07-18 01:14:05,037 - INFO -    原始大小: 7.9MB
2025-07-18 01:14:05,037 - INFO -    转换后大小: 93.3KB
2025-07-18 01:14:05,037 - INFO -    压缩率: 98.8%
2025-07-18 01:14:05,037 - INFO - 处理进度: 58/228 - 直岛-神社-夜晚.bmp
2025-07-18 01:14:05,307 - INFO - ✅ 转换成功: 直岛-神社-夜晚.bmp -> 直岛-神社-夜晚.webp
2025-07-18 01:14:05,307 - INFO -    原始大小: 7.9MB
2025-07-18 01:14:05,307 - INFO -    转换后大小: 69.3KB
2025-07-18 01:14:05,307 - INFO -    压缩率: 99.1%
2025-07-18 01:14:05,307 - INFO - 处理进度: 59/228 - 直岛-港口-有船-黄昏.bmp
2025-07-18 01:14:05,641 - INFO - ✅ 转换成功: 直岛-港口-有船-黄昏.bmp -> 直岛-港口-有船-黄昏.webp
2025-07-18 01:14:05,641 - INFO -    原始大小: 7.9MB
2025-07-18 01:14:05,641 - INFO -    转换后大小: 107.9KB
2025-07-18 01:14:05,641 - INFO -    压缩率: 98.7%
2025-07-18 01:14:05,641 - INFO - 处理进度: 60/228 - 直岛-小卖部.bmp
2025-07-18 01:14:06,040 - INFO - ✅ 转换成功: 直岛-小卖部.bmp -> 直岛-小卖部.webp
2025-07-18 01:14:06,040 - INFO -    原始大小: 7.9MB
2025-07-18 01:14:06,040 - INFO -    转换后大小: 136.5KB
2025-07-18 01:14:06,040 - INFO -    压缩率: 98.3%
2025-07-18 01:14:06,040 - INFO - 处理进度: 61/228 - 直岛-惠美须神社鸟居.png
2025-07-18 01:14:06,423 - INFO - ✅ 转换成功: 直岛-惠美须神社鸟居.png -> 直岛-惠美须神社鸟居.webp
2025-07-18 01:14:06,423 - INFO -    原始大小: 2.3MB
2025-07-18 01:14:06,423 - INFO -    转换后大小: 113.8KB
2025-07-18 01:14:06,423 - INFO -    压缩率: 95.1%
2025-07-18 01:14:06,423 - INFO - 处理进度: 62/228 - 直岛-海狸家客厅-黄昏.bmp
2025-07-18 01:14:06,809 - INFO - ✅ 转换成功: 直岛-海狸家客厅-黄昏.bmp -> 直岛-海狸家客厅-黄昏.webp
2025-07-18 01:14:06,809 - INFO -    原始大小: 7.9MB
2025-07-18 01:14:06,809 - INFO -    转换后大小: 113.7KB
2025-07-18 01:14:06,809 - INFO -    压缩率: 98.6%
2025-07-18 01:14:06,809 - INFO - 处理进度: 63/228 - 直岛-港口-无船-黄昏.bmp
2025-07-18 01:14:07,124 - INFO - ✅ 转换成功: 直岛-港口-无船-黄昏.bmp -> 直岛-港口-无船-黄昏.webp
2025-07-18 01:14:07,124 - INFO -    原始大小: 7.9MB
2025-07-18 01:14:07,125 - INFO -    转换后大小: 91.7KB
2025-07-18 01:14:07,125 - INFO -    压缩率: 98.9%
2025-07-18 01:14:07,125 - INFO - 处理进度: 64/228 - 直岛-小卖部-黄昏.bmp
2025-07-18 01:14:07,514 - INFO - ✅ 转换成功: 直岛-小卖部-黄昏.bmp -> 直岛-小卖部-黄昏.webp
2025-07-18 01:14:07,515 - INFO -    原始大小: 7.9MB
2025-07-18 01:14:07,515 - INFO -    转换后大小: 124.0KB
2025-07-18 01:14:07,515 - INFO -    压缩率: 98.5%
2025-07-18 01:14:07,515 - INFO - 处理进度: 65/228 - 直岛-港口-无船-夜晚.bmp
2025-07-18 01:14:07,779 - INFO - ✅ 转换成功: 直岛-港口-无船-夜晚.bmp -> 直岛-港口-无船-夜晚.webp
2025-07-18 01:14:07,779 - INFO -    原始大小: 7.9MB
2025-07-18 01:14:07,779 - INFO -    转换后大小: 63.1KB
2025-07-18 01:14:07,779 - INFO -    压缩率: 99.2%
2025-07-18 01:14:07,779 - INFO - 处理进度: 66/228 - 直岛-海狸家院子-夜晚.bmp
2025-07-18 01:14:08,185 - INFO - ✅ 转换成功: 直岛-海狸家院子-夜晚.bmp -> 直岛-海狸家院子-夜晚.webp
2025-07-18 01:14:08,185 - INFO -    原始大小: 7.9MB
2025-07-18 01:14:08,186 - INFO -    转换后大小: 141.9KB
2025-07-18 01:14:08,186 - INFO -    压缩率: 98.2%
2025-07-18 01:14:08,186 - INFO - 处理进度: 67/228 - 直岛-港口-下雨.bmp
2025-07-18 01:14:08,474 - INFO - ✅ 转换成功: 直岛-港口-下雨.bmp -> 直岛-港口-下雨.webp
2025-07-18 01:14:08,474 - INFO -    原始大小: 7.9MB
2025-07-18 01:14:08,474 - INFO -    转换后大小: 61.1KB
2025-07-18 01:14:08,474 - INFO -    压缩率: 99.2%
2025-07-18 01:14:08,474 - INFO - 处理进度: 68/228 - 直岛地图-白羽钓点-路线版.png
2025-07-18 01:14:08,840 - INFO - ✅ 转换成功: 直岛地图-白羽钓点-路线版.png -> 直岛地图-白羽钓点-路线版.webp
2025-07-18 01:14:08,840 - INFO -    原始大小: 2.0MB
2025-07-18 01:14:08,840 - INFO -    转换后大小: 80.0KB
2025-07-18 01:14:08,840 - INFO -    压缩率: 96.1%
2025-07-18 01:14:08,841 - INFO - 处理进度: 69/228 - 直岛-白羽钓点-黄昏.bmp
2025-07-18 01:14:09,291 - INFO - ✅ 转换成功: 直岛-白羽钓点-黄昏.bmp -> 直岛-白羽钓点-黄昏.webp
2025-07-18 01:14:09,291 - INFO -    原始大小: 7.9MB
2025-07-18 01:14:09,291 - INFO -    转换后大小: 181.5KB
2025-07-18 01:14:09,291 - INFO -    压缩率: 97.8%
2025-07-18 01:14:09,291 - INFO - 处理进度: 70/228 - 直岛-海狸家厨房.bmp
2025-07-18 01:14:09,683 - INFO - ✅ 转换成功: 直岛-海狸家厨房.bmp -> 直岛-海狸家厨房.webp
2025-07-18 01:14:09,683 - INFO -    原始大小: 7.9MB
2025-07-18 01:14:09,683 - INFO -    转换后大小: 126.2KB
2025-07-18 01:14:09,683 - INFO -    压缩率: 98.4%
2025-07-18 01:14:09,683 - INFO - 处理进度: 71/228 - 直岛-海狸家院子-黄昏.bmp
2025-07-18 01:14:10,182 - INFO - ✅ 转换成功: 直岛-海狸家院子-黄昏.bmp -> 直岛-海狸家院子-黄昏.webp
2025-07-18 01:14:10,182 - INFO -    原始大小: 7.9MB
2025-07-18 01:14:10,182 - INFO -    转换后大小: 205.0KB
2025-07-18 01:14:10,182 - INFO -    压缩率: 97.5%
2025-07-18 01:14:10,182 - INFO - 处理进度: 72/228 - 直岛-积浦海岸.jpg
2025-07-18 01:14:10,485 - INFO - ✅ 转换成功: 直岛-积浦海岸.jpg -> 直岛-积浦海岸.webp
2025-07-18 01:14:10,485 - INFO -    原始大小: 2.8MB
2025-07-18 01:14:10,485 - INFO -    转换后大小: 82.7KB
2025-07-18 01:14:10,485 - INFO -    压缩率: 97.1%
2025-07-18 01:14:10,485 - INFO - 处理进度: 73/228 - 直岛-蔷薇庄.png
2025-07-18 01:14:11,067 - INFO - ✅ 转换成功: 直岛-蔷薇庄.png -> 直岛-蔷薇庄.webp
2025-07-18 01:14:11,067 - INFO -    原始大小: 2.2MB
2025-07-18 01:14:11,067 - INFO -    转换后大小: 195.5KB
2025-07-18 01:14:11,067 - INFO -    压缩率: 91.4%
2025-07-18 01:14:11,067 - INFO - 处理进度: 74/228 - 直岛-港口-有船-夜晚.bmp
2025-07-18 01:14:11,358 - INFO - ✅ 转换成功: 直岛-港口-有船-夜晚.bmp -> 直岛-港口-有船-夜晚.webp
2025-07-18 01:14:11,358 - INFO -    原始大小: 7.9MB
2025-07-18 01:14:11,358 - INFO -    转换后大小: 80.8KB
2025-07-18 01:14:11,358 - INFO -    压缩率: 99.0%
2025-07-18 01:14:11,358 - INFO - 处理进度: 75/228 - 直岛-海狸家卧室-有床-黄昏.bmp
2025-07-18 01:14:11,731 - INFO - ✅ 转换成功: 直岛-海狸家卧室-有床-黄昏.bmp -> 直岛-海狸家卧室-有床-黄昏.webp
2025-07-18 01:14:11,731 - INFO -    原始大小: 7.9MB
2025-07-18 01:14:11,731 - INFO -    转换后大小: 114.8KB
2025-07-18 01:14:11,731 - INFO -    压缩率: 98.6%
2025-07-18 01:14:11,731 - INFO - 处理进度: 76/228 - 直岛-海狸家卧室-无床-关灯-夜晚.bmp
2025-07-18 01:14:11,999 - INFO - ✅ 转换成功: 直岛-海狸家卧室-无床-关灯-夜晚.bmp -> 直岛-海狸家卧室-无床-关灯-夜晚.webp
2025-07-18 01:14:11,999 - INFO -    原始大小: 7.9MB
2025-07-18 01:14:11,999 - INFO -    转换后大小: 59.8KB
2025-07-18 01:14:11,999 - INFO -    压缩率: 99.3%
2025-07-18 01:14:11,999 - INFO - 处理进度: 77/228 - 直岛-通往役场道路-黄昏.bmp
2025-07-18 01:14:12,431 - INFO - ✅ 转换成功: 直岛-通往役场道路-黄昏.bmp -> 直岛-通往役场道路-黄昏.webp
2025-07-18 01:14:12,431 - INFO -    原始大小: 7.9MB
2025-07-18 01:14:12,431 - INFO -    转换后大小: 163.9KB
2025-07-18 01:14:12,431 - INFO -    压缩率: 98.0%
2025-07-18 01:14:12,431 - INFO - 处理进度: 78/228 - 直岛-港口-有船.bmp
2025-07-18 01:14:12,799 - INFO - ✅ 转换成功: 直岛-港口-有船.bmp -> 直岛-港口-有船.webp
2025-07-18 01:14:12,799 - INFO -    原始大小: 7.9MB
2025-07-18 01:14:12,799 - INFO -    转换后大小: 137.0KB
2025-07-18 01:14:12,799 - INFO -    压缩率: 98.3%
2025-07-18 01:14:12,799 - INFO - 处理进度: 79/228 - 直岛-食堂.bmp
2025-07-18 01:14:13,217 - INFO - ✅ 转换成功: 直岛-食堂.bmp -> 直岛-食堂.webp
2025-07-18 01:14:13,217 - INFO -    原始大小: 7.9MB
2025-07-18 01:14:13,217 - INFO -    转换后大小: 157.4KB
2025-07-18 01:14:13,217 - INFO -    压缩率: 98.1%
2025-07-18 01:14:13,217 - INFO - 处理进度: 80/228 - 直岛-海狸家卧室-有床-关灯-夜晚.bmp
2025-07-18 01:14:13,490 - INFO - ✅ 转换成功: 直岛-海狸家卧室-有床-关灯-夜晚.bmp -> 直岛-海狸家卧室-有床-关灯-夜晚.webp
2025-07-18 01:14:13,490 - INFO -    原始大小: 7.9MB
2025-07-18 01:14:13,490 - INFO -    转换后大小: 60.6KB
2025-07-18 01:14:13,490 - INFO -    压缩率: 99.3%
2025-07-18 01:14:13,490 - INFO - 处理进度: 81/228 - 直岛-通往役场道路.bmp
2025-07-18 01:14:13,948 - INFO - ✅ 转换成功: 直岛-通往役场道路.bmp -> 直岛-通往役场道路.webp
2025-07-18 01:14:13,948 - INFO -    原始大小: 7.9MB
2025-07-18 01:14:13,948 - INFO -    转换后大小: 186.0KB
2025-07-18 01:14:13,948 - INFO -    压缩率: 97.7%
2025-07-18 01:14:13,948 - INFO - 处理进度: 82/228 - 直岛-海狸家厨房-夜晚.bmp
2025-07-18 01:14:14,345 - INFO - ✅ 转换成功: 直岛-海狸家厨房-夜晚.bmp -> 直岛-海狸家厨房-夜晚.webp
2025-07-18 01:14:14,345 - INFO -    原始大小: 7.9MB
2025-07-18 01:14:14,345 - INFO -    转换后大小: 128.7KB
2025-07-18 01:14:14,345 - INFO -    压缩率: 98.4%
2025-07-18 01:14:14,345 - INFO - 处理进度: 83/228 - 直岛-港口-无船.bmp
2025-07-18 01:14:14,700 - INFO - ✅ 转换成功: 直岛-港口-无船.bmp -> 直岛-港口-无船.webp
2025-07-18 01:14:14,701 - INFO -    原始大小: 7.9MB
2025-07-18 01:14:14,701 - INFO -    转换后大小: 124.2KB
2025-07-18 01:14:14,701 - INFO -    压缩率: 98.5%
2025-07-18 01:14:14,701 - INFO - 处理进度: 84/228 - 直岛-小卖部-夜晚.bmp
2025-07-18 01:14:15,008 - INFO - ✅ 转换成功: 直岛-小卖部-夜晚.bmp -> 直岛-小卖部-夜晚.webp
2025-07-18 01:14:15,008 - INFO -    原始大小: 7.9MB
2025-07-18 01:14:15,008 - INFO -    转换后大小: 85.9KB
2025-07-18 01:14:15,008 - INFO -    压缩率: 98.9%
2025-07-18 01:14:15,008 - INFO - 处理进度: 85/228 - 直岛-灵弹-夜晚.bmp
2025-07-18 01:14:15,334 - INFO - ✅ 转换成功: 直岛-灵弹-夜晚.bmp -> 直岛-灵弹-夜晚.webp
2025-07-18 01:14:15,335 - INFO -    原始大小: 7.9MB
2025-07-18 01:14:15,335 - INFO -    转换后大小: 108.8KB
2025-07-18 01:14:15,335 - INFO -    压缩率: 98.7%
2025-07-18 01:14:15,335 - INFO - 处理进度: 86/228 - 直岛-食堂-夜晚.bmp
2025-07-18 01:14:15,748 - INFO - ✅ 转换成功: 直岛-食堂-夜晚.bmp -> 直岛-食堂-夜晚.webp
2025-07-18 01:14:15,748 - INFO -    原始大小: 7.9MB
2025-07-18 01:14:15,748 - INFO -    转换后大小: 157.9KB
2025-07-18 01:14:15,748 - INFO -    压缩率: 98.1%
2025-07-18 01:14:15,748 - INFO - 处理进度: 87/228 - 直岛-游戏主界面.png
2025-07-18 01:14:16,637 - INFO - ✅ 转换成功: 直岛-游戏主界面.png -> 直岛-游戏主界面.webp
2025-07-18 01:14:16,637 - INFO -    原始大小: 7.1MB
2025-07-18 01:14:16,637 - INFO -    转换后大小: 208.5KB
2025-07-18 01:14:16,637 - INFO -    压缩率: 97.1%
2025-07-18 01:14:16,638 - INFO - 处理进度: 88/228 - 直岛地图-路线版.png
2025-07-18 01:14:17,122 - INFO - ✅ 转换成功: 直岛地图-路线版.png -> 直岛地图-路线版.webp
2025-07-18 01:14:17,123 - INFO -    原始大小: 3.9MB
2025-07-18 01:14:17,123 - INFO -    转换后大小: 174.3KB
2025-07-18 01:14:17,123 - INFO -    压缩率: 95.7%
2025-07-18 01:14:17,123 - INFO - 处理进度: 89/228 - 直岛地图-小卖部-路线版.png
2025-07-18 01:14:17,731 - INFO - ✅ 转换成功: 直岛地图-小卖部-路线版.png -> 直岛地图-小卖部-路线版.webp
2025-07-18 01:14:17,731 - INFO -    原始大小: 4.9MB
2025-07-18 01:14:17,731 - INFO -    转换后大小: 247.7KB
2025-07-18 01:14:17,731 - INFO -    压缩率: 95.1%
2025-07-18 01:14:17,731 - INFO - 处理进度: 90/228 - 直岛地图-水塘海狸家-路线版.png
2025-07-18 01:14:18,833 - INFO - ✅ 转换成功: 直岛地图-水塘海狸家-路线版.png -> 直岛地图-水塘海狸家-路线版.webp
2025-07-18 01:14:18,834 - INFO -    原始大小: 9.5MB
2025-07-18 01:14:18,834 - INFO -    转换后大小: 439.8KB
2025-07-18 01:14:18,834 - INFO -    压缩率: 95.5%
2025-07-18 01:14:18,834 - INFO - 处理进度: 91/228 - 直岛-海狸家客厅.bmp
2025-07-18 01:14:19,193 - INFO - ✅ 转换成功: 直岛-海狸家客厅.bmp -> 直岛-海狸家客厅.webp
2025-07-18 01:14:19,194 - INFO -    原始大小: 7.9MB
2025-07-18 01:14:19,194 - INFO -    转换后大小: 107.8KB
2025-07-18 01:14:19,194 - INFO -    压缩率: 98.7%
2025-07-18 01:14:19,194 - INFO - 处理进度: 92/228 - 直岛-白羽钓点-夜晚.bmp
2025-07-18 01:14:19,552 - INFO - ✅ 转换成功: 直岛-白羽钓点-夜晚.bmp -> 直岛-白羽钓点-夜晚.webp
2025-07-18 01:14:19,552 - INFO -    原始大小: 7.9MB
2025-07-18 01:14:19,552 - INFO -    转换后大小: 121.8KB
2025-07-18 01:14:19,552 - INFO -    压缩率: 98.5%
2025-07-18 01:14:19,552 - INFO - 处理进度: 93/228 - 直岛-灵弹-黄昏.bmp
2025-07-18 01:14:20,028 - INFO - ✅ 转换成功: 直岛-灵弹-黄昏.bmp -> 直岛-灵弹-黄昏.webp
2025-07-18 01:14:20,028 - INFO -    原始大小: 7.9MB
2025-07-18 01:14:20,028 - INFO -    转换后大小: 213.0KB
2025-07-18 01:14:20,028 - INFO -    压缩率: 97.4%
2025-07-18 01:14:20,028 - INFO - 处理进度: 94/228 - 直岛-八幡神社石阶.jpg
2025-07-18 01:14:20,376 - INFO - ✅ 转换成功: 直岛-八幡神社石阶.jpg -> 直岛-八幡神社石阶.webp
2025-07-18 01:14:20,376 - INFO -    原始大小: 3.7MB
2025-07-18 01:14:20,376 - INFO -    转换后大小: 121.9KB
2025-07-18 01:14:20,376 - INFO -    压缩率: 96.7%
2025-07-18 01:14:20,376 - INFO - 处理进度: 95/228 - 直岛-神社-黄昏.bmp
2025-07-18 01:14:20,782 - INFO - ✅ 转换成功: 直岛-神社-黄昏.bmp -> 直岛-神社-黄昏.webp
2025-07-18 01:14:20,782 - INFO -    原始大小: 7.9MB
2025-07-18 01:14:20,782 - INFO -    转换后大小: 161.8KB
2025-07-18 01:14:20,782 - INFO -    压缩率: 98.0%
2025-07-18 01:14:20,782 - INFO - 处理进度: 96/228 - 直岛-海水浴场-黄昏.bmp
2025-07-18 01:14:21,115 - INFO - ✅ 转换成功: 直岛-海水浴场-黄昏.bmp -> 直岛-海水浴场-黄昏.webp
2025-07-18 01:14:21,115 - INFO -    原始大小: 7.9MB
2025-07-18 01:14:21,116 - INFO -    转换后大小: 114.2KB
2025-07-18 01:14:21,116 - INFO -    压缩率: 98.6%
2025-07-18 01:14:21,116 - INFO - 处理进度: 97/228 - 直岛-海狸家卧室-有床-开灯-夜晚.bmp
2025-07-18 01:14:21,469 - INFO - ✅ 转换成功: 直岛-海狸家卧室-有床-开灯-夜晚.bmp -> 直岛-海狸家卧室-有床-开灯-夜晚.webp
2025-07-18 01:14:21,469 - INFO -    原始大小: 7.9MB
2025-07-18 01:14:21,469 - INFO -    转换后大小: 103.2KB
2025-07-18 01:14:21,469 - INFO -    压缩率: 98.7%
2025-07-18 01:14:21,469 - INFO - 处理进度: 98/228 - 直岛-海狸家客厅-夜晚.bmp
2025-07-18 01:14:21,799 - INFO - ✅ 转换成功: 直岛-海狸家客厅-夜晚.bmp -> 直岛-海狸家客厅-夜晚.webp
2025-07-18 01:14:21,799 - INFO -    原始大小: 7.9MB
2025-07-18 01:14:21,799 - INFO -    转换后大小: 94.9KB
2025-07-18 01:14:21,799 - INFO -    压缩率: 98.8%
2025-07-18 01:14:21,799 - INFO - 处理进度: 99/228 - 直岛-海狸家卧室-无床-黄昏.bmp
2025-07-18 01:14:22,184 - INFO - ✅ 转换成功: 直岛-海狸家卧室-无床-黄昏.bmp -> 直岛-海狸家卧室-无床-黄昏.webp
2025-07-18 01:14:22,184 - INFO -    原始大小: 7.9MB
2025-07-18 01:14:22,184 - INFO -    转换后大小: 118.0KB
2025-07-18 01:14:22,184 - INFO -    压缩率: 98.5%
2025-07-18 01:14:22,184 - INFO - 处理进度: 100/228 - 直岛-食堂-黄昏.bmp
2025-07-18 01:14:22,581 - INFO - ✅ 转换成功: 直岛-食堂-黄昏.bmp -> 直岛-食堂-黄昏.webp
2025-07-18 01:14:22,582 - INFO -    原始大小: 7.9MB
2025-07-18 01:14:22,582 - INFO -    转换后大小: 141.0KB
2025-07-18 01:14:22,582 - INFO -    压缩率: 98.3%
2025-07-18 01:14:22,582 - INFO - 处理进度: 101/228 - 直岛-神社.bmp
2025-07-18 01:14:23,048 - INFO - ✅ 转换成功: 直岛-神社.bmp -> 直岛-神社.webp
2025-07-18 01:14:23,048 - INFO -    原始大小: 7.9MB
2025-07-18 01:14:23,048 - INFO -    转换后大小: 207.9KB
2025-07-18 01:14:23,048 - INFO -    压缩率: 97.4%
2025-07-18 01:14:23,048 - INFO - 处理进度: 102/228 - 直岛-海狸家卧室-无床-开灯-夜晚.bmp
2025-07-18 01:14:23,419 - INFO - ✅ 转换成功: 直岛-海狸家卧室-无床-开灯-夜晚.bmp -> 直岛-海狸家卧室-无床-开灯-夜晚.webp
2025-07-18 01:14:23,419 - INFO -    原始大小: 7.9MB
2025-07-18 01:14:23,419 - INFO -    转换后大小: 104.1KB
2025-07-18 01:14:23,419 - INFO -    压缩率: 98.7%
2025-07-18 01:14:23,419 - INFO - 处理进度: 103/228 - 直岛-白羽钓点.bmp
2025-07-18 01:14:23,927 - INFO - ✅ 转换成功: 直岛-白羽钓点.bmp -> 直岛-白羽钓点.webp
2025-07-18 01:14:23,927 - INFO -    原始大小: 7.9MB
2025-07-18 01:14:23,927 - INFO -    转换后大小: 234.7KB
2025-07-18 01:14:23,927 - INFO -    压缩率: 97.1%
2025-07-18 01:14:23,927 - INFO - 处理进度: 104/228 - 直岛-海狸家门前.bmp
2025-07-18 01:14:24,336 - INFO - ✅ 转换成功: 直岛-海狸家门前.bmp -> 直岛-海狸家门前.webp
2025-07-18 01:14:24,336 - INFO -    原始大小: 7.9MB
2025-07-18 01:14:24,336 - INFO -    转换后大小: 152.2KB
2025-07-18 01:14:24,336 - INFO -    压缩率: 98.1%
2025-07-18 01:14:24,336 - INFO - 处理进度: 105/228 - 直岛-海水浴场-夜晚.bmp
2025-07-18 01:14:24,599 - INFO - ✅ 转换成功: 直岛-海水浴场-夜晚.bmp -> 直岛-海水浴场-夜晚.webp
2025-07-18 01:14:24,599 - INFO -    原始大小: 7.9MB
2025-07-18 01:14:24,599 - INFO -    转换后大小: 69.1KB
2025-07-18 01:14:24,599 - INFO -    压缩率: 99.1%
2025-07-18 01:14:24,599 - INFO - 处理进度: 106/228 - 直岛地图-蔷薇庄-路线版.png
2025-07-18 01:14:25,247 - INFO - ✅ 转换成功: 直岛地图-蔷薇庄-路线版.png -> 直岛地图-蔷薇庄-路线版.webp
2025-07-18 01:14:25,248 - INFO -    原始大小: 4.4MB
2025-07-18 01:14:25,248 - INFO -    转换后大小: 158.7KB
2025-07-18 01:14:25,248 - INFO -    压缩率: 96.5%
2025-07-18 01:14:25,248 - INFO - 处理进度: 107/228 - 直岛-海狸家卧室-无床.bmp
2025-07-18 01:14:25,643 - INFO - ✅ 转换成功: 直岛-海狸家卧室-无床.bmp -> 直岛-海狸家卧室-无床.webp
2025-07-18 01:14:25,643 - INFO -    原始大小: 7.9MB
2025-07-18 01:14:25,643 - INFO -    转换后大小: 113.6KB
2025-07-18 01:14:25,643 - INFO -    压缩率: 98.6%
2025-07-18 01:14:25,643 - INFO - 处理进度: 108/228 - 女木岛-山道.bmp
2025-07-18 01:14:26,116 - INFO - ✅ 转换成功: 女木岛-山道.bmp -> 女木岛-山道.webp
2025-07-18 01:14:26,116 - INFO -    原始大小: 7.9MB
2025-07-18 01:14:26,116 - INFO -    转换后大小: 184.3KB
2025-07-18 01:14:26,116 - INFO -    压缩率: 97.7%
2025-07-18 01:14:26,116 - INFO - 处理进度: 109/228 - 女木岛-秘密基地山路-夜晚.bmp
2025-07-18 01:14:26,485 - INFO - ✅ 转换成功: 女木岛-秘密基地山路-夜晚.bmp -> 女木岛-秘密基地山路-夜晚.webp
2025-07-18 01:14:26,485 - INFO -    原始大小: 7.9MB
2025-07-18 01:14:26,485 - INFO -    转换后大小: 125.0KB
2025-07-18 01:14:26,485 - INFO -    压缩率: 98.5%
2025-07-18 01:14:26,485 - INFO - 处理进度: 110/228 - 女木岛-采石场-分岔路-无光.bmp
2025-07-18 01:14:26,708 - INFO - ✅ 转换成功: 女木岛-采石场-分岔路-无光.bmp -> 女木岛-采石场-分岔路-无光.webp
2025-07-18 01:14:26,708 - INFO -    原始大小: 7.9MB
2025-07-18 01:14:26,708 - INFO -    转换后大小: 31.2KB
2025-07-18 01:14:26,708 - INFO -    压缩率: 99.6%
2025-07-18 01:14:26,708 - INFO - 处理进度: 111/228 - 女木岛-秘密基地山路-黄昏.bmp
2025-07-18 01:14:27,233 - INFO - ✅ 转换成功: 女木岛-秘密基地山路-黄昏.bmp -> 女木岛-秘密基地山路-黄昏.webp
2025-07-18 01:14:27,233 - INFO -    原始大小: 7.9MB
2025-07-18 01:14:27,233 - INFO -    转换后大小: 243.9KB
2025-07-18 01:14:27,233 - INFO -    压缩率: 97.0%
2025-07-18 01:14:27,233 - INFO - 处理进度: 112/228 - 女木岛-山道-夜晚.bmp
2025-07-18 01:14:27,553 - INFO - ✅ 转换成功: 女木岛-山道-夜晚.bmp -> 女木岛-山道-夜晚.webp
2025-07-18 01:14:27,553 - INFO -    原始大小: 7.9MB
2025-07-18 01:14:27,553 - INFO -    转换后大小: 99.0KB
2025-07-18 01:14:27,553 - INFO -    压缩率: 98.8%
2025-07-18 01:14:27,553 - INFO - 处理进度: 113/228 - 女木岛-采石场入口-黄昏.bmp
2025-07-18 01:14:28,106 - INFO - ✅ 转换成功: 女木岛-采石场入口-黄昏.bmp -> 女木岛-采石场入口-黄昏.webp
2025-07-18 01:14:28,106 - INFO -    原始大小: 7.9MB
2025-07-18 01:14:28,106 - INFO -    转换后大小: 247.4KB
2025-07-18 01:14:28,106 - INFO -    压缩率: 96.9%
2025-07-18 01:14:28,106 - INFO - 处理进度: 114/228 - 女木岛-窄路-有光.bmp
2025-07-18 01:14:28,411 - INFO - ✅ 转换成功: 女木岛-窄路-有光.bmp -> 女木岛-窄路-有光.webp
2025-07-18 01:14:28,411 - INFO -    原始大小: 7.9MB
2025-07-18 01:14:28,411 - INFO -    转换后大小: 76.9KB
2025-07-18 01:14:28,411 - INFO -    压缩率: 99.1%
2025-07-18 01:14:28,411 - INFO - 处理进度: 115/228 - 女木岛-秘密基地山路.bmp
2025-07-18 01:14:29,031 - INFO - ✅ 转换成功: 女木岛-秘密基地山路.bmp -> 女木岛-秘密基地山路.webp
2025-07-18 01:14:29,031 - INFO -    原始大小: 7.9MB
2025-07-18 01:14:29,032 - INFO -    转换后大小: 321.6KB
2025-07-18 01:14:29,032 - INFO -    压缩率: 96.0%
2025-07-18 01:14:29,032 - INFO - 处理进度: 116/228 - 女木岛地图-线路版.png
2025-07-18 01:14:29,245 - INFO - ✅ 转换成功: 女木岛地图-线路版.png -> 女木岛地图-线路版.webp
2025-07-18 01:14:29,245 - INFO -    原始大小: 1.7MB
2025-07-18 01:14:29,245 - INFO -    转换后大小: 49.8KB
2025-07-18 01:14:29,245 - INFO -    压缩率: 97.1%
2025-07-18 01:14:29,245 - INFO - 处理进度: 117/228 - 女木岛-山道-黄昏.bmp
2025-07-18 01:14:29,639 - INFO - ✅ 转换成功: 女木岛-山道-黄昏.bmp -> 女木岛-山道-黄昏.webp
2025-07-18 01:14:29,640 - INFO -    原始大小: 7.9MB
2025-07-18 01:14:29,640 - INFO -    转换后大小: 135.0KB
2025-07-18 01:14:29,640 - INFO -    压缩率: 98.3%
2025-07-18 01:14:29,640 - INFO - 处理进度: 118/228 - 女木岛-采石场入口.bmp
2025-07-18 01:14:30,250 - INFO - ✅ 转换成功: 女木岛-采石场入口.bmp -> 女木岛-采石场入口.webp
2025-07-18 01:14:30,250 - INFO -    原始大小: 7.9MB
2025-07-18 01:14:30,250 - INFO -    转换后大小: 291.3KB
2025-07-18 01:14:30,250 - INFO -    压缩率: 96.4%
2025-07-18 01:14:30,250 - INFO - 处理进度: 119/228 - 女木岛-采石场入口-夜晚.bmp
2025-07-18 01:14:30,535 - INFO - ✅ 转换成功: 女木岛-采石场入口-夜晚.bmp -> 女木岛-采石场入口-夜晚.webp
2025-07-18 01:14:30,535 - INFO -    原始大小: 7.9MB
2025-07-18 01:14:30,535 - INFO -    转换后大小: 82.0KB
2025-07-18 01:14:30,535 - INFO -    压缩率: 99.0%
2025-07-18 01:14:30,535 - INFO - 处理进度: 120/228 - 女木岛-山道-深夜.bmp
2025-07-18 01:14:30,782 - INFO - ✅ 转换成功: 女木岛-山道-深夜.bmp -> 女木岛-山道-深夜.webp
2025-07-18 01:14:30,782 - INFO -    原始大小: 7.9MB
2025-07-18 01:14:30,782 - INFO -    转换后大小: 53.6KB
2025-07-18 01:14:30,782 - INFO -    压缩率: 99.3%
2025-07-18 01:14:30,782 - INFO - 处理进度: 121/228 - 女木岛-采石场-分岔路-有光.bmp
2025-07-18 01:14:31,071 - INFO - ✅ 转换成功: 女木岛-采石场-分岔路-有光.bmp -> 女木岛-采石场-分岔路-有光.webp
2025-07-18 01:14:31,071 - INFO -    原始大小: 7.9MB
2025-07-18 01:14:31,071 - INFO -    转换后大小: 68.2KB
2025-07-18 01:14:31,071 - INFO -    压缩率: 99.2%
2025-07-18 01:14:31,071 - INFO - 处理进度: 122/228 - 女木岛-窄路-无光.bmp
2025-07-18 01:14:31,316 - INFO - ✅ 转换成功: 女木岛-窄路-无光.bmp -> 女木岛-窄路-无光.webp
2025-07-18 01:14:31,316 - INFO -    原始大小: 7.9MB
2025-07-18 01:14:31,316 - INFO -    转换后大小: 46.5KB
2025-07-18 01:14:31,316 - INFO -    压缩率: 99.4%
2025-07-18 01:14:31,317 - INFO - 处理进度: 123/228 - 女木岛-秘密基地山路-深夜.bmp
2025-07-18 01:14:31,579 - INFO - ✅ 转换成功: 女木岛-秘密基地山路-深夜.bmp -> 女木岛-秘密基地山路-深夜.webp
2025-07-18 01:14:31,579 - INFO -    原始大小: 7.9MB
2025-07-18 01:14:31,579 - INFO -    转换后大小: 61.8KB
2025-07-18 01:14:31,579 - INFO -    压缩率: 99.2%
2025-07-18 01:14:31,579 - INFO - 处理进度: 124/228 - 男木岛-放送塔.jpg
2025-07-18 01:14:31,840 - INFO - ✅ 转换成功: 男木岛-放送塔.jpg -> 男木岛-放送塔.webp
2025-07-18 01:14:31,840 - INFO -    原始大小: 1.3MB
2025-07-18 01:14:31,840 - INFO -    转换后大小: 77.3KB
2025-07-18 01:14:31,840 - INFO -    压缩率: 94.0%
2025-07-18 01:14:31,841 - INFO - 处理进度: 125/228 - 男木岛-鸥相遇小道.bmp
2025-07-18 01:14:32,287 - INFO - ✅ 转换成功: 男木岛-鸥相遇小道.bmp -> 男木岛-鸥相遇小道.webp
2025-07-18 01:14:32,287 - INFO -    原始大小: 7.9MB
2025-07-18 01:14:32,287 - INFO -    转换后大小: 203.0KB
2025-07-18 01:14:32,287 - INFO -    压缩率: 97.5%
2025-07-18 01:14:32,287 - INFO - 处理进度: 126/228 - 男木岛-鬼姬神山识之墓图标.png
2025-07-18 01:14:32,421 - INFO - ✅ 转换成功: 男木岛-鬼姬神山识之墓图标.png -> 男木岛-鬼姬神山识之墓图标.webp
2025-07-18 01:14:32,421 - INFO -    原始大小: 3.5KB
2025-07-18 01:14:32,421 - INFO -    转换后大小: 1.5KB
2025-07-18 01:14:32,421 - INFO -    压缩率: 56.8%
2025-07-18 01:14:32,421 - INFO - 处理进度: 127/228 - 男木岛-泳池-黄昏.bmp
2025-07-18 01:14:32,749 - INFO - ✅ 转换成功: 男木岛-泳池-黄昏.bmp -> 男木岛-泳池-黄昏.webp
2025-07-18 01:14:32,750 - INFO -    原始大小: 7.9MB
2025-07-18 01:14:32,750 - INFO -    转换后大小: 109.4KB
2025-07-18 01:14:32,750 - INFO -    压缩率: 98.6%
2025-07-18 01:14:32,750 - INFO - 处理进度: 128/228 - 男木岛-鸟白岛役场-夜晚.bmp
2025-07-18 01:14:33,038 - INFO - ✅ 转换成功: 男木岛-鸟白岛役场-夜晚.bmp -> 男木岛-鸟白岛役场-夜晚.webp
2025-07-18 01:14:33,038 - INFO -    原始大小: 7.9MB
2025-07-18 01:14:33,038 - INFO -    转换后大小: 78.0KB
2025-07-18 01:14:33,038 - INFO -    压缩率: 99.0%
2025-07-18 01:14:33,038 - INFO - 处理进度: 129/228 - 男木岛-灯塔-夜晚-熄灯.bmp
2025-07-18 01:14:33,350 - INFO - ✅ 转换成功: 男木岛-灯塔-夜晚-熄灯.bmp -> 男木岛-灯塔-夜晚-熄灯.webp
2025-07-18 01:14:33,350 - INFO -    原始大小: 7.9MB
2025-07-18 01:14:33,351 - INFO -    转换后大小: 99.0KB
2025-07-18 01:14:33,351 - INFO -    压缩率: 98.8%
2025-07-18 01:14:33,351 - INFO - 处理进度: 130/228 - 男木岛地图-线路版.png
2025-07-18 01:14:33,640 - INFO - ✅ 转换成功: 男木岛地图-线路版.png -> 男木岛地图-线路版.webp
2025-07-18 01:14:33,640 - INFO -    原始大小: 2.3MB
2025-07-18 01:14:33,640 - INFO -    转换后大小: 76.5KB
2025-07-18 01:14:33,640 - INFO -    压缩率: 96.8%
2025-07-18 01:14:33,640 - INFO - 处理进度: 131/228 - 男木岛-灯塔图标.png
2025-07-18 01:14:33,924 - INFO - ✅ 转换成功: 男木岛-灯塔图标.png -> 男木岛-灯塔图标.webp
2025-07-18 01:14:33,924 - INFO -    原始大小: 7.4KB
2025-07-18 01:14:33,924 - INFO -    转换后大小: 3.8KB
2025-07-18 01:14:33,924 - INFO -    压缩率: 48.1%
2025-07-18 01:14:33,924 - INFO - 处理进度: 132/228 - 男木岛-鬼姬神山识之墓.png
2025-07-18 01:14:34,629 - INFO - ✅ 转换成功: 男木岛-鬼姬神山识之墓.png -> 男木岛-鬼姬神山识之墓.webp
2025-07-18 01:14:34,629 - INFO -    原始大小: 2.6MB
2025-07-18 01:14:34,629 - INFO -    转换后大小: 215.4KB
2025-07-18 01:14:34,629 - INFO -    压缩率: 92.0%
2025-07-18 01:14:34,629 - INFO - 处理进度: 133/228 - 男木岛-苍睡觉小道-黄昏.bmp
2025-07-18 01:14:35,106 - INFO - ✅ 转换成功: 男木岛-苍睡觉小道-黄昏.bmp -> 男木岛-苍睡觉小道-黄昏.webp
2025-07-18 01:14:35,106 - INFO -    原始大小: 7.9MB
2025-07-18 01:14:35,107 - INFO -    转换后大小: 205.2KB
2025-07-18 01:14:35,107 - INFO -    压缩率: 97.5%
2025-07-18 01:14:35,107 - INFO - 处理进度: 134/228 - 男木岛-苍睡觉小道-夜晚.bmp
2025-07-18 01:14:35,436 - INFO - ✅ 转换成功: 男木岛-苍睡觉小道-夜晚.bmp -> 男木岛-苍睡觉小道-夜晚.webp
2025-07-18 01:14:35,436 - INFO -    原始大小: 7.9MB
2025-07-18 01:14:35,436 - INFO -    转换后大小: 106.1KB
2025-07-18 01:14:35,436 - INFO -    压缩率: 98.7%
2025-07-18 01:14:35,437 - INFO - 处理进度: 135/228 - 男木岛-鸥相遇小道-黄昏.bmp
2025-07-18 01:14:35,843 - INFO - ✅ 转换成功: 男木岛-鸥相遇小道-黄昏.bmp -> 男木岛-鸥相遇小道-黄昏.webp
2025-07-18 01:14:35,843 - INFO -    原始大小: 7.9MB
2025-07-18 01:14:35,843 - INFO -    转换后大小: 161.7KB
2025-07-18 01:14:35,843 - INFO -    压缩率: 98.0%
2025-07-18 01:14:35,843 - INFO - 处理进度: 136/228 - 男木岛-鸥相遇小道-夜晚.bmp
2025-07-18 01:14:36,159 - INFO - ✅ 转换成功: 男木岛-鸥相遇小道-夜晚.bmp -> 男木岛-鸥相遇小道-夜晚.webp
2025-07-18 01:14:36,159 - INFO -    原始大小: 7.9MB
2025-07-18 01:14:36,159 - INFO -    转换后大小: 99.1KB
2025-07-18 01:14:36,160 - INFO -    压缩率: 98.8%
2025-07-18 01:14:36,160 - INFO - 处理进度: 137/228 - 男木岛-紬的灯塔.png
2025-07-18 01:14:36,580 - INFO - ✅ 转换成功: 男木岛-紬的灯塔.png -> 男木岛-紬的灯塔.webp
2025-07-18 01:14:36,580 - INFO -    原始大小: 3.2MB
2025-07-18 01:14:36,580 - INFO -    转换后大小: 109.9KB
2025-07-18 01:14:36,580 - INFO -    压缩率: 96.7%
2025-07-18 01:14:36,580 - INFO - 处理进度: 138/228 - 男木岛-苍睡觉小道.bmp
2025-07-18 01:14:37,097 - INFO - ✅ 转换成功: 男木岛-苍睡觉小道.bmp -> 男木岛-苍睡觉小道.webp
2025-07-18 01:14:37,098 - INFO -    原始大小: 7.9MB
2025-07-18 01:14:37,098 - INFO -    转换后大小: 232.3KB
2025-07-18 01:14:37,098 - INFO -    压缩率: 97.1%
2025-07-18 01:14:37,098 - INFO - 处理进度: 139/228 - 男木岛-地图.png
2025-07-18 01:14:37,399 - INFO - ✅ 转换成功: 男木岛-地图.png -> 男木岛-地图.webp
2025-07-18 01:14:37,399 - INFO -    原始大小: 1.8MB
2025-07-18 01:14:37,399 - INFO -    转换后大小: 92.4KB
2025-07-18 01:14:37,399 - INFO -    压缩率: 95.1%
2025-07-18 01:14:37,399 - INFO - 处理进度: 140/228 - 男木岛-秘密基地-夜晚.bmp
2025-07-18 01:14:37,791 - INFO - ✅ 转换成功: 男木岛-秘密基地-夜晚.bmp -> 男木岛-秘密基地-夜晚.webp
2025-07-18 01:14:37,791 - INFO -    原始大小: 7.9MB
2025-07-18 01:14:37,791 - INFO -    转换后大小: 115.4KB
2025-07-18 01:14:37,791 - INFO -    压缩率: 98.6%
2025-07-18 01:14:37,791 - INFO - 处理进度: 141/228 - 男木岛-放送塔图标.png
2025-07-18 01:14:38,039 - INFO - ✅ 转换成功: 男木岛-放送塔图标.png -> 男木岛-放送塔图标.webp
2025-07-18 01:14:38,039 - INFO -    原始大小: 6.9KB
2025-07-18 01:14:38,039 - INFO -    转换后大小: 3.5KB
2025-07-18 01:14:38,039 - INFO -    压缩率: 49.1%
2025-07-18 01:14:38,039 - INFO - 处理进度: 142/228 - 男木岛-鸟白岛役场-黄昏.bmp
2025-07-18 01:14:38,462 - INFO - ✅ 转换成功: 男木岛-鸟白岛役场-黄昏.bmp -> 男木岛-鸟白岛役场-黄昏.webp
2025-07-18 01:14:38,462 - INFO -    原始大小: 7.9MB
2025-07-18 01:14:38,462 - INFO -    转换后大小: 161.7KB
2025-07-18 01:14:38,462 - INFO -    压缩率: 98.0%
2025-07-18 01:14:38,462 - INFO - 处理进度: 143/228 - 男木岛-秘密基地.bmp
2025-07-18 01:14:38,888 - INFO - ✅ 转换成功: 男木岛-秘密基地.bmp -> 男木岛-秘密基地.webp
2025-07-18 01:14:38,888 - INFO -    原始大小: 7.9MB
2025-07-18 01:14:38,888 - INFO -    转换后大小: 143.2KB
2025-07-18 01:14:38,888 - INFO -    压缩率: 98.2%
2025-07-18 01:14:38,888 - INFO - 处理进度: 144/228 - 男木岛-灯塔.bmp
2025-07-18 01:14:39,391 - INFO - ✅ 转换成功: 男木岛-灯塔.bmp -> 男木岛-灯塔.webp
2025-07-18 01:14:39,391 - INFO -    原始大小: 7.9MB
2025-07-18 01:14:39,391 - INFO -    转换后大小: 213.9KB
2025-07-18 01:14:39,391 - INFO -    压缩率: 97.4%
2025-07-18 01:14:39,391 - INFO - 处理进度: 145/228 - 男木岛-泳池-夜晚.bmp
2025-07-18 01:14:39,640 - INFO - ✅ 转换成功: 男木岛-泳池-夜晚.bmp -> 男木岛-泳池-夜晚.webp
2025-07-18 01:14:39,640 - INFO -    原始大小: 7.9MB
2025-07-18 01:14:39,640 - INFO -    转换后大小: 61.4KB
2025-07-18 01:14:39,640 - INFO -    压缩率: 99.2%
2025-07-18 01:14:39,640 - INFO - 处理进度: 146/228 - 男木岛-防波堤.png
2025-07-18 01:14:40,466 - INFO - ✅ 转换成功: 男木岛-防波堤.png -> 男木岛-防波堤.webp
2025-07-18 01:14:40,467 - INFO -    原始大小: 5.3MB
2025-07-18 01:14:40,467 - INFO -    转换后大小: 64.7KB
2025-07-18 01:14:40,467 - INFO -    压缩率: 98.8%
2025-07-18 01:14:40,467 - INFO - 处理进度: 147/228 - 男木岛-秘密基地-黄昏.bmp
2025-07-18 01:14:40,885 - INFO - ✅ 转换成功: 男木岛-秘密基地-黄昏.bmp -> 男木岛-秘密基地-黄昏.webp
2025-07-18 01:14:40,885 - INFO -    原始大小: 7.9MB
2025-07-18 01:14:40,885 - INFO -    转换后大小: 131.3KB
2025-07-18 01:14:40,885 - INFO -    压缩率: 98.4%
2025-07-18 01:14:40,885 - INFO - 处理进度: 148/228 - 男木岛-泳池.bmp
2025-07-18 01:14:41,246 - INFO - ✅ 转换成功: 男木岛-泳池.bmp -> 男木岛-泳池.webp
2025-07-18 01:14:41,246 - INFO -    原始大小: 7.9MB
2025-07-18 01:14:41,246 - INFO -    转换后大小: 140.4KB
2025-07-18 01:14:41,246 - INFO -    压缩率: 98.3%
2025-07-18 01:14:41,246 - INFO - 处理进度: 149/228 - 男木岛-灯塔-夜晚-亮灯.bmp
2025-07-18 01:14:41,559 - INFO - ✅ 转换成功: 男木岛-灯塔-夜晚-亮灯.bmp -> 男木岛-灯塔-夜晚-亮灯.webp
2025-07-18 01:14:41,559 - INFO -    原始大小: 7.9MB
2025-07-18 01:14:41,559 - INFO -    转换后大小: 99.1KB
2025-07-18 01:14:41,559 - INFO -    压缩率: 98.8%
2025-07-18 01:14:41,559 - INFO - 处理进度: 150/228 - 男木岛-秘密基地图标.png
2025-07-18 01:14:41,832 - INFO - ✅ 转换成功: 男木岛-秘密基地图标.png -> 男木岛-秘密基地图标.webp
2025-07-18 01:14:41,832 - INFO -    原始大小: 4.1KB
2025-07-18 01:14:41,832 - INFO -    转换后大小: 2.4KB
2025-07-18 01:14:41,832 - INFO -    压缩率: 40.9%
2025-07-18 01:14:41,832 - INFO - 处理进度: 151/228 - 男木岛-静久神社图.jpg
2025-07-18 01:14:42,079 - INFO - ✅ 转换成功: 男木岛-静久神社图.jpg -> 男木岛-静久神社图.webp
2025-07-18 01:14:42,079 - INFO -    原始大小: 1.2MB
2025-07-18 01:14:42,079 - INFO -    转换后大小: 64.5KB
2025-07-18 01:14:42,079 - INFO -    压缩率: 94.9%
2025-07-18 01:14:42,079 - INFO - 处理进度: 152/228 - 男木岛-鸥相遇小道图标.png
2025-07-18 01:14:42,226 - INFO - ✅ 转换成功: 男木岛-鸥相遇小道图标.png -> 男木岛-鸥相遇小道图标.webp
2025-07-18 01:14:42,226 - INFO -    原始大小: 3.3KB
2025-07-18 01:14:42,226 - INFO -    转换后大小: 626.0B
2025-07-18 01:14:42,226 - INFO -    压缩率: 81.3%
2025-07-18 01:14:42,226 - INFO - 处理进度: 153/228 - 男木岛-灯塔-黄昏.bmp
2025-07-18 01:14:42,655 - INFO - ✅ 转换成功: 男木岛-灯塔-黄昏.bmp -> 男木岛-灯塔-黄昏.webp
2025-07-18 01:14:42,655 - INFO -    原始大小: 7.9MB
2025-07-18 01:14:42,655 - INFO -    转换后大小: 168.0KB
2025-07-18 01:14:42,655 - INFO -    压缩率: 97.9%
2025-07-18 01:14:42,655 - INFO - 处理进度: 154/228 - 男木岛-鸟白岛役场.bmp
2025-07-18 01:14:43,123 - INFO - ✅ 转换成功: 男木岛-鸟白岛役场.bmp -> 男木岛-鸟白岛役场.webp
2025-07-18 01:14:43,123 - INFO -    原始大小: 7.9MB
2025-07-18 01:14:43,123 - INFO -    转换后大小: 197.3KB
2025-07-18 01:14:43,123 - INFO -    压缩率: 97.6%
2025-07-18 01:14:43,123 - INFO - 处理进度: 155/228 - 直岛-海狸家门前-黄昏.bmp
2025-07-18 01:14:43,507 - INFO - ✅ 转换成功: 直岛-海狸家门前-黄昏.bmp -> 直岛-海狸家门前-黄昏.webp
2025-07-18 01:14:43,507 - INFO -    原始大小: 7.9MB
2025-07-18 01:14:43,507 - INFO -    转换后大小: 132.9KB
2025-07-18 01:14:43,507 - INFO -    压缩率: 98.4%
2025-07-18 01:14:43,507 - INFO - 处理进度: 156/228 - 直岛-通往役场道路-夜晚.bmp
2025-07-18 01:14:43,841 - INFO - ✅ 转换成功: 直岛-通往役场道路-夜晚.bmp -> 直岛-通往役场道路-夜晚.webp
2025-07-18 01:14:43,841 - INFO -    原始大小: 7.9MB
2025-07-18 01:14:43,841 - INFO -    转换后大小: 108.1KB
2025-07-18 01:14:43,841 - INFO -    压缩率: 98.7%
2025-07-18 01:14:43,841 - INFO - 处理进度: 157/228 - 直岛-海水浴场.bmp
2025-07-18 01:14:44,217 - INFO - ✅ 转换成功: 直岛-海水浴场.bmp -> 直岛-海水浴场.webp
2025-07-18 01:14:44,217 - INFO -    原始大小: 7.9MB
2025-07-18 01:14:44,217 - INFO -    转换后大小: 149.2KB
2025-07-18 01:14:44,217 - INFO -    压缩率: 98.2%
2025-07-18 01:14:44,217 - INFO - 处理进度: 158/228 - 直岛-海狸家卧室-有床.bmp
2025-07-18 01:14:44,580 - INFO - ✅ 转换成功: 直岛-海狸家卧室-有床.bmp -> 直岛-海狸家卧室-有床.webp
2025-07-18 01:14:44,581 - INFO -    原始大小: 7.9MB
2025-07-18 01:14:44,581 - INFO -    转换后大小: 108.4KB
2025-07-18 01:14:44,581 - INFO -    压缩率: 98.7%
2025-07-18 01:14:44,581 - INFO - 处理进度: 159/228 - 直岛-海狸家院子.bmp
2025-07-18 01:14:45,078 - INFO - ✅ 转换成功: 直岛-海狸家院子.bmp -> 直岛-海狸家院子.webp
2025-07-18 01:14:45,078 - INFO -    原始大小: 7.9MB
2025-07-18 01:14:45,078 - INFO -    转换后大小: 207.5KB
2025-07-18 01:14:45,078 - INFO -    压缩率: 97.4%
2025-07-18 01:14:45,078 - INFO - 处理进度: 160/228 - 直岛-灵弹.bmp
2025-07-18 01:14:45,614 - INFO - ✅ 转换成功: 直岛-灵弹.bmp -> 直岛-灵弹.webp
2025-07-18 01:14:45,614 - INFO -    原始大小: 7.9MB
2025-07-18 01:14:45,614 - INFO -    转换后大小: 270.4KB
2025-07-18 01:14:45,614 - INFO -    压缩率: 96.7%
2025-07-18 01:14:45,614 - INFO - 处理进度: 161/228 - 直岛-海狸家厨房-中午.bmp
2025-07-18 01:14:46,030 - INFO - ✅ 转换成功: 直岛-海狸家厨房-中午.bmp -> 直岛-海狸家厨房-中午.webp
2025-07-18 01:14:46,030 - INFO -    原始大小: 7.9MB
2025-07-18 01:14:46,030 - INFO -    转换后大小: 144.6KB
2025-07-18 01:14:46,030 - INFO -    压缩率: 98.2%
2025-07-18 01:14:46,030 - INFO - 处理进度: 162/228 - 直岛-海狸家门前-夜晚.bmp
2025-07-18 01:14:46,350 - INFO - ✅ 转换成功: 直岛-海狸家门前-夜晚.bmp -> 直岛-海狸家门前-夜晚.webp
2025-07-18 01:14:46,350 - INFO -    原始大小: 7.9MB
2025-07-18 01:14:46,350 - INFO -    转换后大小: 93.3KB
2025-07-18 01:14:46,350 - INFO -    压缩率: 98.8%
2025-07-18 01:14:46,350 - INFO - 处理进度: 163/228 - 直岛-神社-夜晚.bmp
2025-07-18 01:14:46,619 - INFO - ✅ 转换成功: 直岛-神社-夜晚.bmp -> 直岛-神社-夜晚.webp
2025-07-18 01:14:46,619 - INFO -    原始大小: 7.9MB
2025-07-18 01:14:46,619 - INFO -    转换后大小: 69.3KB
2025-07-18 01:14:46,619 - INFO -    压缩率: 99.1%
2025-07-18 01:14:46,619 - INFO - 处理进度: 164/228 - 直岛-港口-有船-黄昏.bmp
2025-07-18 01:14:46,955 - INFO - ✅ 转换成功: 直岛-港口-有船-黄昏.bmp -> 直岛-港口-有船-黄昏.webp
2025-07-18 01:14:46,955 - INFO -    原始大小: 7.9MB
2025-07-18 01:14:46,955 - INFO -    转换后大小: 107.9KB
2025-07-18 01:14:46,955 - INFO -    压缩率: 98.7%
2025-07-18 01:14:46,955 - INFO - 处理进度: 165/228 - 直岛-小卖部.bmp
2025-07-18 01:14:47,353 - INFO - ✅ 转换成功: 直岛-小卖部.bmp -> 直岛-小卖部.webp
2025-07-18 01:14:47,353 - INFO -    原始大小: 7.9MB
2025-07-18 01:14:47,353 - INFO -    转换后大小: 136.5KB
2025-07-18 01:14:47,353 - INFO -    压缩率: 98.3%
2025-07-18 01:14:47,353 - INFO - 处理进度: 166/228 - 直岛-惠美须神社鸟居.png
2025-07-18 01:14:47,734 - INFO - ✅ 转换成功: 直岛-惠美须神社鸟居.png -> 直岛-惠美须神社鸟居.webp
2025-07-18 01:14:47,734 - INFO -    原始大小: 2.3MB
2025-07-18 01:14:47,735 - INFO -    转换后大小: 113.8KB
2025-07-18 01:14:47,735 - INFO -    压缩率: 95.1%
2025-07-18 01:14:47,735 - INFO - 处理进度: 167/228 - 直岛-海狸家客厅-黄昏.bmp
2025-07-18 01:14:48,097 - INFO - ✅ 转换成功: 直岛-海狸家客厅-黄昏.bmp -> 直岛-海狸家客厅-黄昏.webp
2025-07-18 01:14:48,097 - INFO -    原始大小: 7.9MB
2025-07-18 01:14:48,097 - INFO -    转换后大小: 113.7KB
2025-07-18 01:14:48,097 - INFO -    压缩率: 98.6%
2025-07-18 01:14:48,097 - INFO - 处理进度: 168/228 - 直岛-港口-无船-黄昏.bmp
2025-07-18 01:14:48,410 - INFO - ✅ 转换成功: 直岛-港口-无船-黄昏.bmp -> 直岛-港口-无船-黄昏.webp
2025-07-18 01:14:48,411 - INFO -    原始大小: 7.9MB
2025-07-18 01:14:48,411 - INFO -    转换后大小: 91.7KB
2025-07-18 01:14:48,411 - INFO -    压缩率: 98.9%
2025-07-18 01:14:48,411 - INFO - 处理进度: 169/228 - 直岛-小卖部-黄昏.bmp
2025-07-18 01:14:48,786 - INFO - ✅ 转换成功: 直岛-小卖部-黄昏.bmp -> 直岛-小卖部-黄昏.webp
2025-07-18 01:14:48,786 - INFO -    原始大小: 7.9MB
2025-07-18 01:14:48,786 - INFO -    转换后大小: 124.0KB
2025-07-18 01:14:48,786 - INFO -    压缩率: 98.5%
2025-07-18 01:14:48,786 - INFO - 处理进度: 170/228 - 直岛-港口-无船-夜晚.bmp
2025-07-18 01:14:49,048 - INFO - ✅ 转换成功: 直岛-港口-无船-夜晚.bmp -> 直岛-港口-无船-夜晚.webp
2025-07-18 01:14:49,048 - INFO -    原始大小: 7.9MB
2025-07-18 01:14:49,048 - INFO -    转换后大小: 63.1KB
2025-07-18 01:14:49,048 - INFO -    压缩率: 99.2%
2025-07-18 01:14:49,048 - INFO - 处理进度: 171/228 - 直岛-海狸家院子-夜晚.bmp
2025-07-18 01:14:49,443 - INFO - ✅ 转换成功: 直岛-海狸家院子-夜晚.bmp -> 直岛-海狸家院子-夜晚.webp
2025-07-18 01:14:49,443 - INFO -    原始大小: 7.9MB
2025-07-18 01:14:49,443 - INFO -    转换后大小: 141.9KB
2025-07-18 01:14:49,443 - INFO -    压缩率: 98.2%
2025-07-18 01:14:49,443 - INFO - 处理进度: 172/228 - 直岛-港口-下雨.bmp
2025-07-18 01:14:49,723 - INFO - ✅ 转换成功: 直岛-港口-下雨.bmp -> 直岛-港口-下雨.webp
2025-07-18 01:14:49,723 - INFO -    原始大小: 7.9MB
2025-07-18 01:14:49,723 - INFO -    转换后大小: 61.1KB
2025-07-18 01:14:49,723 - INFO -    压缩率: 99.2%
2025-07-18 01:14:49,723 - INFO - 处理进度: 173/228 - 直岛地图-白羽钓点-路线版.png
2025-07-18 01:14:50,086 - INFO - ✅ 转换成功: 直岛地图-白羽钓点-路线版.png -> 直岛地图-白羽钓点-路线版.webp
2025-07-18 01:14:50,086 - INFO -    原始大小: 2.0MB
2025-07-18 01:14:50,086 - INFO -    转换后大小: 80.0KB
2025-07-18 01:14:50,086 - INFO -    压缩率: 96.1%
2025-07-18 01:14:50,086 - INFO - 处理进度: 174/228 - 直岛-白羽钓点-黄昏.bmp
2025-07-18 01:14:50,538 - INFO - ✅ 转换成功: 直岛-白羽钓点-黄昏.bmp -> 直岛-白羽钓点-黄昏.webp
2025-07-18 01:14:50,538 - INFO -    原始大小: 7.9MB
2025-07-18 01:14:50,538 - INFO -    转换后大小: 181.5KB
2025-07-18 01:14:50,538 - INFO -    压缩率: 97.8%
2025-07-18 01:14:50,538 - INFO - 处理进度: 175/228 - 直岛-海狸家厨房.bmp
2025-07-18 01:14:50,932 - INFO - ✅ 转换成功: 直岛-海狸家厨房.bmp -> 直岛-海狸家厨房.webp
2025-07-18 01:14:50,932 - INFO -    原始大小: 7.9MB
2025-07-18 01:14:50,932 - INFO -    转换后大小: 126.2KB
2025-07-18 01:14:50,932 - INFO -    压缩率: 98.4%
2025-07-18 01:14:50,932 - INFO - 处理进度: 176/228 - 直岛-海狸家院子-黄昏.bmp
2025-07-18 01:14:51,417 - INFO - ✅ 转换成功: 直岛-海狸家院子-黄昏.bmp -> 直岛-海狸家院子-黄昏.webp
2025-07-18 01:14:51,417 - INFO -    原始大小: 7.9MB
2025-07-18 01:14:51,417 - INFO -    转换后大小: 205.0KB
2025-07-18 01:14:51,417 - INFO -    压缩率: 97.5%
2025-07-18 01:14:51,417 - INFO - 处理进度: 177/228 - 直岛-积浦海岸.jpg
2025-07-18 01:14:51,710 - INFO - ✅ 转换成功: 直岛-积浦海岸.jpg -> 直岛-积浦海岸.webp
2025-07-18 01:14:51,710 - INFO -    原始大小: 2.8MB
2025-07-18 01:14:51,710 - INFO -    转换后大小: 82.7KB
2025-07-18 01:14:51,710 - INFO -    压缩率: 97.1%
2025-07-18 01:14:51,710 - INFO - 处理进度: 178/228 - 直岛-蔷薇庄.png
2025-07-18 01:14:52,314 - INFO - ✅ 转换成功: 直岛-蔷薇庄.png -> 直岛-蔷薇庄.webp
2025-07-18 01:14:52,314 - INFO -    原始大小: 2.2MB
2025-07-18 01:14:52,314 - INFO -    转换后大小: 195.5KB
2025-07-18 01:14:52,314 - INFO -    压缩率: 91.4%
2025-07-18 01:14:52,314 - INFO - 处理进度: 179/228 - 直岛-港口-有船-夜晚.bmp
2025-07-18 01:14:52,609 - INFO - ✅ 转换成功: 直岛-港口-有船-夜晚.bmp -> 直岛-港口-有船-夜晚.webp
2025-07-18 01:14:52,609 - INFO -    原始大小: 7.9MB
2025-07-18 01:14:52,609 - INFO -    转换后大小: 80.8KB
2025-07-18 01:14:52,609 - INFO -    压缩率: 99.0%
2025-07-18 01:14:52,609 - INFO - 处理进度: 180/228 - 直岛-海狸家卧室-有床-黄昏.bmp
2025-07-18 01:14:52,986 - INFO - ✅ 转换成功: 直岛-海狸家卧室-有床-黄昏.bmp -> 直岛-海狸家卧室-有床-黄昏.webp
2025-07-18 01:14:52,986 - INFO -    原始大小: 7.9MB
2025-07-18 01:14:52,986 - INFO -    转换后大小: 114.8KB
2025-07-18 01:14:52,986 - INFO -    压缩率: 98.6%
2025-07-18 01:14:52,986 - INFO - 处理进度: 181/228 - 直岛-海狸家卧室-无床-关灯-夜晚.bmp
2025-07-18 01:14:53,263 - INFO - ✅ 转换成功: 直岛-海狸家卧室-无床-关灯-夜晚.bmp -> 直岛-海狸家卧室-无床-关灯-夜晚.webp
2025-07-18 01:14:53,263 - INFO -    原始大小: 7.9MB
2025-07-18 01:14:53,263 - INFO -    转换后大小: 59.8KB
2025-07-18 01:14:53,263 - INFO -    压缩率: 99.3%
2025-07-18 01:14:53,263 - INFO - 处理进度: 182/228 - 直岛-通往役场道路-黄昏.bmp
2025-07-18 01:14:53,711 - INFO - ✅ 转换成功: 直岛-通往役场道路-黄昏.bmp -> 直岛-通往役场道路-黄昏.webp
2025-07-18 01:14:53,711 - INFO -    原始大小: 7.9MB
2025-07-18 01:14:53,711 - INFO -    转换后大小: 163.9KB
2025-07-18 01:14:53,711 - INFO -    压缩率: 98.0%
2025-07-18 01:14:53,711 - INFO - 处理进度: 183/228 - 直岛-港口-有船.bmp
2025-07-18 01:14:54,082 - INFO - ✅ 转换成功: 直岛-港口-有船.bmp -> 直岛-港口-有船.webp
2025-07-18 01:14:54,082 - INFO -    原始大小: 7.9MB
2025-07-18 01:14:54,082 - INFO -    转换后大小: 137.0KB
2025-07-18 01:14:54,082 - INFO -    压缩率: 98.3%
2025-07-18 01:14:54,082 - INFO - 处理进度: 184/228 - 直岛-食堂.bmp
2025-07-18 01:14:54,497 - INFO - ✅ 转换成功: 直岛-食堂.bmp -> 直岛-食堂.webp
2025-07-18 01:14:54,497 - INFO -    原始大小: 7.9MB
2025-07-18 01:14:54,497 - INFO -    转换后大小: 157.4KB
2025-07-18 01:14:54,497 - INFO -    压缩率: 98.1%
2025-07-18 01:14:54,497 - INFO - 处理进度: 185/228 - 直岛-海狸家卧室-有床-关灯-夜晚.bmp
2025-07-18 01:14:54,769 - INFO - ✅ 转换成功: 直岛-海狸家卧室-有床-关灯-夜晚.bmp -> 直岛-海狸家卧室-有床-关灯-夜晚.webp
2025-07-18 01:14:54,770 - INFO -    原始大小: 7.9MB
2025-07-18 01:14:54,770 - INFO -    转换后大小: 60.6KB
2025-07-18 01:14:54,770 - INFO -    压缩率: 99.3%
2025-07-18 01:14:54,770 - INFO - 处理进度: 186/228 - 直岛-通往役场道路.bmp
2025-07-18 01:14:55,235 - INFO - ✅ 转换成功: 直岛-通往役场道路.bmp -> 直岛-通往役场道路.webp
2025-07-18 01:14:55,236 - INFO -    原始大小: 7.9MB
2025-07-18 01:14:55,236 - INFO -    转换后大小: 186.0KB
2025-07-18 01:14:55,236 - INFO -    压缩率: 97.7%
2025-07-18 01:14:55,236 - INFO - 处理进度: 187/228 - 直岛-海狸家厨房-夜晚.bmp
2025-07-18 01:14:55,645 - INFO - ✅ 转换成功: 直岛-海狸家厨房-夜晚.bmp -> 直岛-海狸家厨房-夜晚.webp
2025-07-18 01:14:55,646 - INFO -    原始大小: 7.9MB
2025-07-18 01:14:55,646 - INFO -    转换后大小: 128.7KB
2025-07-18 01:14:55,646 - INFO -    压缩率: 98.4%
2025-07-18 01:14:55,646 - INFO - 处理进度: 188/228 - 直岛-港口-无船.bmp
2025-07-18 01:14:55,997 - INFO - ✅ 转换成功: 直岛-港口-无船.bmp -> 直岛-港口-无船.webp
2025-07-18 01:14:55,998 - INFO -    原始大小: 7.9MB
2025-07-18 01:14:55,998 - INFO -    转换后大小: 124.2KB
2025-07-18 01:14:55,998 - INFO -    压缩率: 98.5%
2025-07-18 01:14:55,998 - INFO - 处理进度: 189/228 - 直岛-小卖部-夜晚.bmp
2025-07-18 01:14:56,327 - INFO - ✅ 转换成功: 直岛-小卖部-夜晚.bmp -> 直岛-小卖部-夜晚.webp
2025-07-18 01:14:56,328 - INFO -    原始大小: 7.9MB
2025-07-18 01:14:56,328 - INFO -    转换后大小: 85.9KB
2025-07-18 01:14:56,328 - INFO -    压缩率: 98.9%
2025-07-18 01:14:56,328 - INFO - 处理进度: 190/228 - 直岛-灵弹-夜晚.bmp
2025-07-18 01:14:56,677 - INFO - ✅ 转换成功: 直岛-灵弹-夜晚.bmp -> 直岛-灵弹-夜晚.webp
2025-07-18 01:14:56,677 - INFO -    原始大小: 7.9MB
2025-07-18 01:14:56,677 - INFO -    转换后大小: 108.8KB
2025-07-18 01:14:56,677 - INFO -    压缩率: 98.7%
2025-07-18 01:14:56,677 - INFO - 处理进度: 191/228 - 直岛-食堂-夜晚.bmp
2025-07-18 01:14:57,092 - INFO - ✅ 转换成功: 直岛-食堂-夜晚.bmp -> 直岛-食堂-夜晚.webp
2025-07-18 01:14:57,092 - INFO -    原始大小: 7.9MB
2025-07-18 01:14:57,092 - INFO -    转换后大小: 157.9KB
2025-07-18 01:14:57,092 - INFO -    压缩率: 98.1%
2025-07-18 01:14:57,093 - INFO - 处理进度: 192/228 - 直岛-游戏主界面.png
2025-07-18 01:14:57,950 - INFO - ✅ 转换成功: 直岛-游戏主界面.png -> 直岛-游戏主界面.webp
2025-07-18 01:14:57,950 - INFO -    原始大小: 7.1MB
2025-07-18 01:14:57,950 - INFO -    转换后大小: 208.5KB
2025-07-18 01:14:57,950 - INFO -    压缩率: 97.1%
2025-07-18 01:14:57,950 - INFO - 处理进度: 193/228 - 直岛地图-路线版.png
2025-07-18 01:14:58,440 - INFO - ✅ 转换成功: 直岛地图-路线版.png -> 直岛地图-路线版.webp
2025-07-18 01:14:58,440 - INFO -    原始大小: 3.9MB
2025-07-18 01:14:58,440 - INFO -    转换后大小: 174.3KB
2025-07-18 01:14:58,440 - INFO -    压缩率: 95.7%
2025-07-18 01:14:58,440 - INFO - 处理进度: 194/228 - 直岛地图-小卖部-路线版.png
2025-07-18 01:14:59,044 - INFO - ✅ 转换成功: 直岛地图-小卖部-路线版.png -> 直岛地图-小卖部-路线版.webp
2025-07-18 01:14:59,044 - INFO -    原始大小: 4.9MB
2025-07-18 01:14:59,044 - INFO -    转换后大小: 247.7KB
2025-07-18 01:14:59,044 - INFO -    压缩率: 95.1%
2025-07-18 01:14:59,044 - INFO - 处理进度: 195/228 - 直岛地图-水塘海狸家-路线版.png
2025-07-18 01:15:00,135 - INFO - ✅ 转换成功: 直岛地图-水塘海狸家-路线版.png -> 直岛地图-水塘海狸家-路线版.webp
2025-07-18 01:15:00,135 - INFO -    原始大小: 9.5MB
2025-07-18 01:15:00,135 - INFO -    转换后大小: 439.8KB
2025-07-18 01:15:00,135 - INFO -    压缩率: 95.5%
2025-07-18 01:15:00,135 - INFO - 处理进度: 196/228 - 直岛-海狸家客厅.bmp
2025-07-18 01:15:00,504 - INFO - ✅ 转换成功: 直岛-海狸家客厅.bmp -> 直岛-海狸家客厅.webp
2025-07-18 01:15:00,504 - INFO -    原始大小: 7.9MB
2025-07-18 01:15:00,504 - INFO -    转换后大小: 107.8KB
2025-07-18 01:15:00,504 - INFO -    压缩率: 98.7%
2025-07-18 01:15:00,504 - INFO - 处理进度: 197/228 - 直岛-白羽钓点-夜晚.bmp
2025-07-18 01:15:00,873 - INFO - ✅ 转换成功: 直岛-白羽钓点-夜晚.bmp -> 直岛-白羽钓点-夜晚.webp
2025-07-18 01:15:00,873 - INFO -    原始大小: 7.9MB
2025-07-18 01:15:00,873 - INFO -    转换后大小: 121.8KB
2025-07-18 01:15:00,873 - INFO -    压缩率: 98.5%
2025-07-18 01:15:00,873 - INFO - 处理进度: 198/228 - 直岛-灵弹-黄昏.bmp
2025-07-18 01:15:01,388 - INFO - ✅ 转换成功: 直岛-灵弹-黄昏.bmp -> 直岛-灵弹-黄昏.webp
2025-07-18 01:15:01,388 - INFO -    原始大小: 7.9MB
2025-07-18 01:15:01,388 - INFO -    转换后大小: 213.0KB
2025-07-18 01:15:01,388 - INFO -    压缩率: 97.4%
2025-07-18 01:15:01,388 - INFO - 处理进度: 199/228 - 直岛-八幡神社石阶.jpg
2025-07-18 01:15:01,736 - INFO - ✅ 转换成功: 直岛-八幡神社石阶.jpg -> 直岛-八幡神社石阶.webp
2025-07-18 01:15:01,737 - INFO -    原始大小: 3.7MB
2025-07-18 01:15:01,737 - INFO -    转换后大小: 121.9KB
2025-07-18 01:15:01,737 - INFO -    压缩率: 96.7%
2025-07-18 01:15:01,737 - INFO - 处理进度: 200/228 - 直岛-神社-黄昏.bmp
2025-07-18 01:15:02,147 - INFO - ✅ 转换成功: 直岛-神社-黄昏.bmp -> 直岛-神社-黄昏.webp
2025-07-18 01:15:02,147 - INFO -    原始大小: 7.9MB
2025-07-18 01:15:02,148 - INFO -    转换后大小: 161.8KB
2025-07-18 01:15:02,148 - INFO -    压缩率: 98.0%
2025-07-18 01:15:02,148 - INFO - 处理进度: 201/228 - 直岛-海水浴场-黄昏.bmp
2025-07-18 01:15:02,482 - INFO - ✅ 转换成功: 直岛-海水浴场-黄昏.bmp -> 直岛-海水浴场-黄昏.webp
2025-07-18 01:15:02,482 - INFO -    原始大小: 7.9MB
2025-07-18 01:15:02,482 - INFO -    转换后大小: 114.2KB
2025-07-18 01:15:02,482 - INFO -    压缩率: 98.6%
2025-07-18 01:15:02,482 - INFO - 处理进度: 202/228 - 直岛-海狸家卧室-有床-开灯-夜晚.bmp
2025-07-18 01:15:02,839 - INFO - ✅ 转换成功: 直岛-海狸家卧室-有床-开灯-夜晚.bmp -> 直岛-海狸家卧室-有床-开灯-夜晚.webp
2025-07-18 01:15:02,840 - INFO -    原始大小: 7.9MB
2025-07-18 01:15:02,840 - INFO -    转换后大小: 103.2KB
2025-07-18 01:15:02,840 - INFO -    压缩率: 98.7%
2025-07-18 01:15:02,840 - INFO - 处理进度: 203/228 - 直岛-海狸家客厅-夜晚.bmp
2025-07-18 01:15:03,171 - INFO - ✅ 转换成功: 直岛-海狸家客厅-夜晚.bmp -> 直岛-海狸家客厅-夜晚.webp
2025-07-18 01:15:03,171 - INFO -    原始大小: 7.9MB
2025-07-18 01:15:03,171 - INFO -    转换后大小: 94.9KB
2025-07-18 01:15:03,171 - INFO -    压缩率: 98.8%
2025-07-18 01:15:03,171 - INFO - 处理进度: 204/228 - 直岛-海狸家卧室-无床-黄昏.bmp
2025-07-18 01:15:03,560 - INFO - ✅ 转换成功: 直岛-海狸家卧室-无床-黄昏.bmp -> 直岛-海狸家卧室-无床-黄昏.webp
2025-07-18 01:15:03,560 - INFO -    原始大小: 7.9MB
2025-07-18 01:15:03,561 - INFO -    转换后大小: 118.0KB
2025-07-18 01:15:03,561 - INFO -    压缩率: 98.5%
2025-07-18 01:15:03,561 - INFO - 处理进度: 205/228 - 直岛-食堂-黄昏.bmp
2025-07-18 01:15:03,959 - INFO - ✅ 转换成功: 直岛-食堂-黄昏.bmp -> 直岛-食堂-黄昏.webp
2025-07-18 01:15:03,959 - INFO -    原始大小: 7.9MB
2025-07-18 01:15:03,959 - INFO -    转换后大小: 141.0KB
2025-07-18 01:15:03,959 - INFO -    压缩率: 98.3%
2025-07-18 01:15:03,959 - INFO - 处理进度: 206/228 - 直岛-神社.bmp
2025-07-18 01:15:04,463 - INFO - ✅ 转换成功: 直岛-神社.bmp -> 直岛-神社.webp
2025-07-18 01:15:04,463 - INFO -    原始大小: 7.9MB
2025-07-18 01:15:04,463 - INFO -    转换后大小: 207.9KB
2025-07-18 01:15:04,464 - INFO -    压缩率: 97.4%
2025-07-18 01:15:04,464 - INFO - 处理进度: 207/228 - 直岛-海狸家卧室-无床-开灯-夜晚.bmp
2025-07-18 01:15:04,873 - INFO - ✅ 转换成功: 直岛-海狸家卧室-无床-开灯-夜晚.bmp -> 直岛-海狸家卧室-无床-开灯-夜晚.webp
2025-07-18 01:15:04,874 - INFO -    原始大小: 7.9MB
2025-07-18 01:15:04,874 - INFO -    转换后大小: 104.1KB
2025-07-18 01:15:04,874 - INFO -    压缩率: 98.7%
2025-07-18 01:15:04,874 - INFO - 处理进度: 208/228 - 直岛-白羽钓点.bmp
2025-07-18 01:15:05,395 - INFO - ✅ 转换成功: 直岛-白羽钓点.bmp -> 直岛-白羽钓点.webp
2025-07-18 01:15:05,395 - INFO -    原始大小: 7.9MB
2025-07-18 01:15:05,395 - INFO -    转换后大小: 234.7KB
2025-07-18 01:15:05,395 - INFO -    压缩率: 97.1%
2025-07-18 01:15:05,395 - INFO - 处理进度: 209/228 - 直岛-海狸家门前.bmp
2025-07-18 01:15:05,818 - INFO - ✅ 转换成功: 直岛-海狸家门前.bmp -> 直岛-海狸家门前.webp
2025-07-18 01:15:05,818 - INFO -    原始大小: 7.9MB
2025-07-18 01:15:05,818 - INFO -    转换后大小: 152.2KB
2025-07-18 01:15:05,818 - INFO -    压缩率: 98.1%
2025-07-18 01:15:05,818 - INFO - 处理进度: 210/228 - 直岛-海水浴场-夜晚.bmp
2025-07-18 01:15:06,082 - INFO - ✅ 转换成功: 直岛-海水浴场-夜晚.bmp -> 直岛-海水浴场-夜晚.webp
2025-07-18 01:15:06,082 - INFO -    原始大小: 7.9MB
2025-07-18 01:15:06,082 - INFO -    转换后大小: 69.1KB
2025-07-18 01:15:06,082 - INFO -    压缩率: 99.1%
2025-07-18 01:15:06,082 - INFO - 处理进度: 211/228 - 直岛地图-蔷薇庄-路线版.png
2025-07-18 01:15:06,747 - INFO - ✅ 转换成功: 直岛地图-蔷薇庄-路线版.png -> 直岛地图-蔷薇庄-路线版.webp
2025-07-18 01:15:06,747 - INFO -    原始大小: 4.4MB
2025-07-18 01:15:06,747 - INFO -    转换后大小: 158.7KB
2025-07-18 01:15:06,747 - INFO -    压缩率: 96.5%
2025-07-18 01:15:06,747 - INFO - 处理进度: 212/228 - 直岛-海狸家卧室-无床.bmp
2025-07-18 01:15:07,141 - INFO - ✅ 转换成功: 直岛-海狸家卧室-无床.bmp -> 直岛-海狸家卧室-无床.webp
2025-07-18 01:15:07,141 - INFO -    原始大小: 7.9MB
2025-07-18 01:15:07,141 - INFO -    转换后大小: 113.6KB
2025-07-18 01:15:07,141 - INFO -    压缩率: 98.6%
2025-07-18 01:15:07,142 - INFO - 处理进度: 213/228 - 女木岛-山道.bmp
2025-07-18 01:15:07,615 - INFO - ✅ 转换成功: 女木岛-山道.bmp -> 女木岛-山道.webp
2025-07-18 01:15:07,616 - INFO -    原始大小: 7.9MB
2025-07-18 01:15:07,616 - INFO -    转换后大小: 184.3KB
2025-07-18 01:15:07,616 - INFO -    压缩率: 97.7%
2025-07-18 01:15:07,616 - INFO - 处理进度: 214/228 - 女木岛-秘密基地山路-夜晚.bmp
2025-07-18 01:15:07,970 - INFO - ✅ 转换成功: 女木岛-秘密基地山路-夜晚.bmp -> 女木岛-秘密基地山路-夜晚.webp
2025-07-18 01:15:07,970 - INFO -    原始大小: 7.9MB
2025-07-18 01:15:07,970 - INFO -    转换后大小: 125.0KB
2025-07-18 01:15:07,970 - INFO -    压缩率: 98.5%
2025-07-18 01:15:07,970 - INFO - 处理进度: 215/228 - 女木岛-采石场-分岔路-无光.bmp
2025-07-18 01:15:08,191 - INFO - ✅ 转换成功: 女木岛-采石场-分岔路-无光.bmp -> 女木岛-采石场-分岔路-无光.webp
2025-07-18 01:15:08,191 - INFO -    原始大小: 7.9MB
2025-07-18 01:15:08,191 - INFO -    转换后大小: 31.2KB
2025-07-18 01:15:08,191 - INFO -    压缩率: 99.6%
2025-07-18 01:15:08,191 - INFO - 处理进度: 216/228 - 女木岛-秘密基地山路-黄昏.bmp
2025-07-18 01:15:08,718 - INFO - ✅ 转换成功: 女木岛-秘密基地山路-黄昏.bmp -> 女木岛-秘密基地山路-黄昏.webp
2025-07-18 01:15:08,718 - INFO -    原始大小: 7.9MB
2025-07-18 01:15:08,718 - INFO -    转换后大小: 243.9KB
2025-07-18 01:15:08,718 - INFO -    压缩率: 97.0%
2025-07-18 01:15:08,718 - INFO - 处理进度: 217/228 - 女木岛-山道-夜晚.bmp
2025-07-18 01:15:09,037 - INFO - ✅ 转换成功: 女木岛-山道-夜晚.bmp -> 女木岛-山道-夜晚.webp
2025-07-18 01:15:09,038 - INFO -    原始大小: 7.9MB
2025-07-18 01:15:09,038 - INFO -    转换后大小: 99.0KB
2025-07-18 01:15:09,038 - INFO -    压缩率: 98.8%
2025-07-18 01:15:09,038 - INFO - 处理进度: 218/228 - 女木岛-采石场入口-黄昏.bmp
2025-07-18 01:15:09,589 - INFO - ✅ 转换成功: 女木岛-采石场入口-黄昏.bmp -> 女木岛-采石场入口-黄昏.webp
2025-07-18 01:15:09,589 - INFO -    原始大小: 7.9MB
2025-07-18 01:15:09,589 - INFO -    转换后大小: 247.4KB
2025-07-18 01:15:09,589 - INFO -    压缩率: 96.9%
2025-07-18 01:15:09,589 - INFO - 处理进度: 219/228 - 女木岛-窄路-有光.bmp
2025-07-18 01:15:09,893 - INFO - ✅ 转换成功: 女木岛-窄路-有光.bmp -> 女木岛-窄路-有光.webp
2025-07-18 01:15:09,893 - INFO -    原始大小: 7.9MB
2025-07-18 01:15:09,893 - INFO -    转换后大小: 76.9KB
2025-07-18 01:15:09,893 - INFO -    压缩率: 99.1%
2025-07-18 01:15:09,893 - INFO - 处理进度: 220/228 - 女木岛-秘密基地山路.bmp
2025-07-18 01:15:10,513 - INFO - ✅ 转换成功: 女木岛-秘密基地山路.bmp -> 女木岛-秘密基地山路.webp
2025-07-18 01:15:10,514 - INFO -    原始大小: 7.9MB
2025-07-18 01:15:10,514 - INFO -    转换后大小: 321.6KB
2025-07-18 01:15:10,514 - INFO -    压缩率: 96.0%
2025-07-18 01:15:10,514 - INFO - 处理进度: 221/228 - 女木岛地图-线路版.png
2025-07-18 01:15:10,727 - INFO - ✅ 转换成功: 女木岛地图-线路版.png -> 女木岛地图-线路版.webp
2025-07-18 01:15:10,728 - INFO -    原始大小: 1.7MB
2025-07-18 01:15:10,728 - INFO -    转换后大小: 49.8KB
2025-07-18 01:15:10,728 - INFO -    压缩率: 97.1%
2025-07-18 01:15:10,728 - INFO - 处理进度: 222/228 - 女木岛-山道-黄昏.bmp
2025-07-18 01:15:11,126 - INFO - ✅ 转换成功: 女木岛-山道-黄昏.bmp -> 女木岛-山道-黄昏.webp
2025-07-18 01:15:11,126 - INFO -    原始大小: 7.9MB
2025-07-18 01:15:11,126 - INFO -    转换后大小: 135.0KB
2025-07-18 01:15:11,126 - INFO -    压缩率: 98.3%
2025-07-18 01:15:11,126 - INFO - 处理进度: 223/228 - 女木岛-采石场入口.bmp
2025-07-18 01:15:11,804 - INFO - ✅ 转换成功: 女木岛-采石场入口.bmp -> 女木岛-采石场入口.webp
2025-07-18 01:15:11,804 - INFO -    原始大小: 7.9MB
2025-07-18 01:15:11,804 - INFO -    转换后大小: 291.3KB
2025-07-18 01:15:11,804 - INFO -    压缩率: 96.4%
2025-07-18 01:15:11,804 - INFO - 处理进度: 224/228 - 女木岛-采石场入口-夜晚.bmp
2025-07-18 01:15:12,105 - INFO - ✅ 转换成功: 女木岛-采石场入口-夜晚.bmp -> 女木岛-采石场入口-夜晚.webp
2025-07-18 01:15:12,105 - INFO -    原始大小: 7.9MB
2025-07-18 01:15:12,105 - INFO -    转换后大小: 82.0KB
2025-07-18 01:15:12,106 - INFO -    压缩率: 99.0%
2025-07-18 01:15:12,106 - INFO - 处理进度: 225/228 - 女木岛-山道-深夜.bmp
2025-07-18 01:15:12,634 - INFO - ✅ 转换成功: 女木岛-山道-深夜.bmp -> 女木岛-山道-深夜.webp
2025-07-18 01:15:12,634 - INFO -    原始大小: 7.9MB
2025-07-18 01:15:12,634 - INFO -    转换后大小: 53.6KB
2025-07-18 01:15:12,634 - INFO -    压缩率: 99.3%
2025-07-18 01:15:12,634 - INFO - 处理进度: 226/228 - 女木岛-采石场-分岔路-有光.bmp
2025-07-18 01:15:12,956 - INFO - ✅ 转换成功: 女木岛-采石场-分岔路-有光.bmp -> 女木岛-采石场-分岔路-有光.webp
2025-07-18 01:15:12,956 - INFO -    原始大小: 7.9MB
2025-07-18 01:15:12,956 - INFO -    转换后大小: 68.2KB
2025-07-18 01:15:12,956 - INFO -    压缩率: 99.2%
2025-07-18 01:15:12,956 - INFO - 处理进度: 227/228 - 女木岛-窄路-无光.bmp
2025-07-18 01:15:13,200 - INFO - ✅ 转换成功: 女木岛-窄路-无光.bmp -> 女木岛-窄路-无光.webp
2025-07-18 01:15:13,200 - INFO -    原始大小: 7.9MB
2025-07-18 01:15:13,200 - INFO -    转换后大小: 46.5KB
2025-07-18 01:15:13,200 - INFO -    压缩率: 99.4%
2025-07-18 01:15:13,200 - INFO - 处理进度: 228/228 - 女木岛-秘密基地山路-深夜.bmp
2025-07-18 01:15:13,464 - INFO - ✅ 转换成功: 女木岛-秘密基地山路-深夜.bmp -> 女木岛-秘密基地山路-深夜.webp
2025-07-18 01:15:13,464 - INFO -    原始大小: 7.9MB
2025-07-18 01:15:13,464 - INFO -    转换后大小: 61.8KB
2025-07-18 01:15:13,464 - INFO -    压缩率: 99.2%
2025-07-18 01:15:13,464 - INFO - 
==================================================
2025-07-18 01:15:13,464 - INFO - 图片优化完成！
2025-07-18 01:15:13,464 - INFO - ==================================================
2025-07-18 01:15:13,464 - INFO - 总文件数: 228
2025-07-18 01:15:13,464 - INFO - 成功转换: 228
2025-07-18 01:15:13,464 - INFO - 跳过文件: 0
2025-07-18 01:15:13,464 - INFO - 错误文件: 0
2025-07-18 01:15:13,465 - INFO - 原始总大小: 1.4GB
2025-07-18 01:15:13,465 - INFO - 转换后总大小: 29.5MB
2025-07-18 01:15:13,465 - INFO - 节省空间: 1.4GB
2025-07-18 01:15:13,465 - INFO - 总体压缩率: 98.0%
2025-07-18 01:15:13,465 - INFO - ==================================================
2025-07-18 01:15:13,465 - INFO - 🎉 图片优化完成！
