
> sprb-web@1.0.0 dev
> vite


  VITE v4.5.14  ready in 314 ms

  ➜  Local:   http://localhost:3000/
  ➜  Network: http://10.107.179.30:3000/
3:37:30 PM [vite] hmr update /src/pages/CheckinPage.tsx
1:32:31 AM [vite] hmr update /src/pages/ContentsPage.tsx
1:32:31 AM [vite] hmr update /src/pages/MegijimaPage.tsx
1:32:31 AM [vite] hmr update /src/pages/CheckinPage.tsx
1:32:31 AM [vite] hmr update /src/pages/NaoshimaPage.tsx
1:32:31 AM [vite] hmr update /src/pages/OgijimaPage.tsx
1:42:22 AM [vite] hmr update /src/pages/ContentsPage.tsx
1:42:58 AM [vite] hmr update /src/pages/HomePage.tsx
1:44:36 AM [vite] hmr update /src/pages/CheckinPage.tsx
1:47:42 AM [vite] hmr update /src/pages/OgijimaPage.tsx
1:47:46 AM [vite] hmr update /src/pages/OgijimaPage.tsx
1:47:50 AM [vite] hmr update /src/pages/OgijimaPage.tsx
1:47:57 AM [vite] hmr update /src/pages/OgijimaPage.tsx
2:11:21 AM [vite] hmr update /src/pages/MegijimaPage.tsx
2:11:21 AM [vite] hmr update /src/pages/CheckinPage.tsx
2:11:21 AM [vite] hmr update /src/pages/HomePage.tsx
2:11:21 AM [vite] hmr update /src/pages/NaoshimaPage.tsx
2:11:21 AM [vite] hmr update /src/pages/OgijimaPage.tsx
2:22:10 AM [vite] hmr update /src/pages/HomePage.tsx
2:22:20 AM [vite] hmr update /src/pages/ContentsPage.tsx
2:23:37 AM [vite] page reload index.html
2:23:37 AM [vite] hmr update /src/components/ButterflyAnimation.tsx
2:23:37 AM [vite] hmr update /src/components/ButterflyCustomCursor.tsx
2:23:37 AM [vite] hmr update /src/pages/ContentsPage.tsx
2:23:37 AM [vite] hmr update /src/pages/MegijimaPage.tsx
2:23:37 AM [vite] hmr update /src/pages/CheckinPage.tsx
2:23:37 AM [vite] hmr update /src/pages/HomePage.tsx
2:23:37 AM [vite] hmr update /src/pages/NaoshimaPage.tsx
2:23:37 AM [vite] hmr update /src/pages/OgijimaPage.tsx
2:27:38 AM [vite] hmr update /src/pages/ContentsPage.tsx
2:27:38 AM [vite] hmr update /src/pages/HomePage.tsx
2:29:10 AM [vite] hmr update /src/pages/HomePage.tsx
2:30:12 AM [vite] hmr update /src/components/ButterflyAnimation.tsx
2:30:38 AM [vite] hmr update /src/components/ButterflyCustomCursor.tsx
2:32:29 AM [vite] hmr update /src/pages/HomePage.tsx
2:33:12 AM [vite] hmr update /src/pages/ContentsPage.tsx
2:33:53 AM [vite] hmr update /src/pages/CheckinPage.tsx
2:34:16 AM [vite] hmr update /src/pages/CheckinPage.tsx
2:34:44 AM [vite] hmr update /src/pages/CheckinPage.tsx
2:34:57 AM [vite] hmr update /src/pages/CheckinPage.tsx
2:35:43 AM [vite] hmr update /src/pages/CheckinPage.tsx
2:36:11 AM [vite] hmr update /src/pages/CheckinPage.tsx
2:36:35 AM [vite] hmr update /src/pages/CheckinPage.tsx
2:36:47 AM [vite] hmr update /src/pages/CheckinPage.tsx
2:36:52 AM [vite] hmr update /src/pages/CheckinPage.tsx
2:36:57 AM [vite] hmr update /src/pages/CheckinPage.tsx
2:38:24 AM [vite] hmr update /src/pages/MegijimaPage.tsx
2:39:18 AM [vite] hmr update /src/pages/MegijimaPage.tsx
2:39:29 AM [vite] hmr update /src/pages/MegijimaPage.tsx
2:39:46 AM [vite] hmr update /src/pages/MegijimaPage.tsx
2:41:30 AM [vite] hmr update /src/pages/OgijimaPage.tsx
2:42:34 AM [vite] hmr update /src/pages/OgijimaPage.tsx
2:42:45 AM [vite] hmr update /src/pages/OgijimaPage.tsx
2:43:25 AM [vite] hmr update /src/pages/OgijimaPage.tsx
2:43:58 AM [vite] hmr update /src/pages/OgijimaPage.tsx
2:45:33 AM [vite] hmr update /src/pages/NaoshimaPage.tsx
2:45:42 AM [vite] hmr update /src/pages/NaoshimaPage.tsx
2:45:56 AM [vite] hmr update /src/pages/NaoshimaPage.tsx
2:47:36 AM [vite] hmr update /src/pages/NaoshimaPage.tsx
2:49:09 AM [vite] hmr update /src/pages/NaoshimaPage.tsx
2:50:47 AM [vite] hmr update /src/pages/NaoshimaPage.tsx
2:50:57 AM [vite] hmr update /src/pages/NaoshimaPage.tsx
2:51:16 AM [vite] hmr update /src/pages/NaoshimaPage.tsx
