2025-07-19 10:55:46,726 - INFO - 📁 输入目录: /home/devbox/project/sprb-web/素材/graphs/originGraphs
2025-07-19 10:55:46,726 - INFO - 📁 输出目录: /home/devbox/project/sprb-web/素材/graphs/webpGraphs
2025-07-19 10:55:46,727 - INFO - 🎨 WebP质量: 85
2025-07-19 10:55:46,727 - INFO - 📏 保持原尺寸: 是
2025-07-19 10:55:46,727 - INFO - 🏝️ 按岛屿分类: 是
2025-07-19 10:55:46,727 - INFO - ✅ Pillow库已安装
2025-07-19 10:55:46,727 - INFO - 找到 4 个图片文件
2025-07-19 10:55:46,727 - INFO - 处理进度: 1/4 - 男木岛-苍睡觉小道地图-线路版.png
2025-07-19 10:55:47,281 - INFO - ✅ 转换成功: 男木岛-苍睡觉小道地图-线路版.png -> 男木岛-苍睡觉小道地图-线路版.webp
2025-07-19 10:55:47,281 - INFO -    原始大小: 2.3MB
2025-07-19 10:55:47,281 - INFO -    转换后大小: 209.0KB
2025-07-19 10:55:47,281 - INFO -    压缩率: 91.2%
2025-07-19 10:55:47,281 - INFO - 处理进度: 2/4 - 男木岛-村公所地图-线路版.png
2025-07-19 10:55:47,807 - INFO - ✅ 转换成功: 男木岛-村公所地图-线路版.png -> 男木岛-村公所地图-线路版.webp
2025-07-19 10:55:47,807 - INFO -    原始大小: 2.5MB
2025-07-19 10:55:47,807 - INFO -    转换后大小: 202.8KB
2025-07-19 10:55:47,807 - INFO -    压缩率: 91.9%
2025-07-19 10:55:47,807 - INFO - 处理进度: 3/4 - 男木岛-灯塔地图-线路版.png
2025-07-19 10:55:48,164 - INFO - ✅ 转换成功: 男木岛-灯塔地图-线路版.png -> 男木岛-灯塔地图-线路版.webp
2025-07-19 10:55:48,164 - INFO -    原始大小: 1.9MB
2025-07-19 10:55:48,164 - INFO -    转换后大小: 102.0KB
2025-07-19 10:55:48,164 - INFO -    压缩率: 94.8%
2025-07-19 10:55:48,164 - INFO - 处理进度: 4/4 - 男木岛-地图-线路版.png
2025-07-19 10:55:48,713 - INFO - ✅ 转换成功: 男木岛-地图-线路版.png -> 男木岛-地图-线路版.webp
2025-07-19 10:55:48,714 - INFO -    原始大小: 2.3MB
2025-07-19 10:55:48,714 - INFO -    转换后大小: 188.4KB
2025-07-19 10:55:48,714 - INFO -    压缩率: 92.2%
2025-07-19 10:55:48,714 - INFO - 
==================================================
2025-07-19 10:55:48,714 - INFO - 图片优化完成！
2025-07-19 10:55:48,714 - INFO - ==================================================
2025-07-19 10:55:48,714 - INFO - 总文件数: 4
2025-07-19 10:55:48,714 - INFO - 成功转换: 4
2025-07-19 10:55:48,714 - INFO - 跳过文件: 0
2025-07-19 10:55:48,714 - INFO - 错误文件: 0
2025-07-19 10:55:48,714 - INFO - 原始总大小: 9.0MB
2025-07-19 10:55:48,714 - INFO - 转换后总大小: 702.2KB
2025-07-19 10:55:48,714 - INFO - 节省空间: 8.3MB
2025-07-19 10:55:48,714 - INFO - 总体压缩率: 92.4%
2025-07-19 10:55:48,714 - INFO - ==================================================
2025-07-19 10:55:48,714 - INFO - 🎉 图片优化完成！
2025-07-19 14:51:59,538 - INFO - 📁 输入目录: /home/devbox/project/sprb-web/素材/graphs/originGraphs
2025-07-19 14:51:59,538 - INFO - 📁 输出目录: /home/devbox/project/sprb-web/素材/graphs/webpGraphs
2025-07-19 14:51:59,538 - INFO - 🎨 WebP质量: 85
2025-07-19 14:51:59,538 - INFO - 📏 保持原尺寸: 是
2025-07-19 14:51:59,538 - INFO - 🏝️ 按岛屿分类: 是
2025-07-19 14:51:59,539 - INFO - ✅ Pillow库已安装
2025-07-19 14:51:59,539 - INFO - 找到 1 个图片文件
2025-07-19 14:51:59,539 - INFO - 处理进度: 1/1 - 男木岛-灯塔图标.png
2025-07-19 14:51:59,889 - INFO - ✅ 转换成功: 男木岛-灯塔图标.png -> 男木岛-灯塔图标.webp
2025-07-19 14:51:59,889 - INFO -    原始大小: 7.4KB
2025-07-19 14:51:59,889 - INFO -    转换后大小: 3.8KB
2025-07-19 14:51:59,889 - INFO -    压缩率: 48.1%
2025-07-19 14:51:59,889 - INFO - 
==================================================
2025-07-19 14:51:59,889 - INFO - 图片优化完成！
2025-07-19 14:51:59,889 - INFO - ==================================================
2025-07-19 14:51:59,889 - INFO - 总文件数: 1
2025-07-19 14:51:59,889 - INFO - 成功转换: 1
2025-07-19 14:51:59,889 - INFO - 跳过文件: 0
2025-07-19 14:51:59,889 - INFO - 错误文件: 0
2025-07-19 14:51:59,889 - INFO - 原始总大小: 7.4KB
2025-07-19 14:51:59,890 - INFO - 转换后总大小: 3.8KB
2025-07-19 14:51:59,890 - INFO - 节省空间: 3.5KB
2025-07-19 14:51:59,890 - INFO - 总体压缩率: 48.1%
2025-07-19 14:51:59,890 - INFO - ==================================================
2025-07-19 14:51:59,890 - INFO - 🎉 图片优化完成！
2025-07-19 16:02:22,954 - INFO - 📁 输入目录: /home/devbox/project/sprb-web/素材/graphs/originGraphs
2025-07-19 16:02:22,954 - INFO - 📁 输出目录: /home/devbox/project/sprb-web/素材/graphs/webpGraphs
2025-07-19 16:02:22,954 - INFO - 🎨 WebP质量: 85
2025-07-19 16:02:22,954 - INFO - 📏 保持原尺寸: 是
2025-07-19 16:02:22,954 - INFO - 🏝️ 按岛屿分类: 是
2025-07-19 16:02:22,954 - INFO - ✅ Pillow库已安装
2025-07-19 16:02:22,954 - INFO - 找到 2 个图片文件
2025-07-19 16:02:22,955 - INFO - 处理进度: 1/2 - 男木岛-灯塔图标.png
2025-07-19 16:02:22,955 - INFO - 跳过已存在的文件: 男木岛-灯塔图标.webp
2025-07-19 16:02:22,955 - INFO - 处理进度: 2/2 - 打卡地点合集.png
2025-07-19 16:02:23,109 - INFO - ✅ 转换成功: 打卡地点合集.png -> 打卡地点合集.webp
2025-07-19 16:02:23,109 - INFO -    原始大小: 24.4KB
2025-07-19 16:02:23,109 - INFO -    转换后大小: 6.1KB
2025-07-19 16:02:23,109 - INFO -    压缩率: 75.1%
2025-07-19 16:02:23,109 - INFO - 
==================================================
2025-07-19 16:02:23,109 - INFO - 图片优化完成！
2025-07-19 16:02:23,109 - INFO - ==================================================
2025-07-19 16:02:23,109 - INFO - 总文件数: 2
2025-07-19 16:02:23,109 - INFO - 成功转换: 1
2025-07-19 16:02:23,110 - INFO - 跳过文件: 1
2025-07-19 16:02:23,110 - INFO - 错误文件: 0
2025-07-19 16:02:23,110 - INFO - 原始总大小: 24.4KB
2025-07-19 16:02:23,110 - INFO - 转换后总大小: 6.1KB
2025-07-19 16:02:23,110 - INFO - 节省空间: 18.3KB
2025-07-19 16:02:23,110 - INFO - 总体压缩率: 75.1%
2025-07-19 16:02:23,110 - INFO - ==================================================
2025-07-19 16:02:23,110 - INFO - 🎉 图片优化完成！
